TN:
SF:C:\Users\john\projects\jssm\node_modules\reduce-to-639-1\index.js
FN:858,reduce
FNF:1
FNH:1
FNDA:7,reduce
DA:2,30
DA:860,7
DA:868,30
LF:3
LH:3
BRF:0
BRH:0
end_of_record
TN:
SF:C:\Users\john\projects\jssm\src\js\jssm-dot.js
FN:9,peg$subclass
FN:10,ctor
FN:15,peg$SyntaxError
FN:29,(anonymous_16)
FN:31,(anonymous_17)
FN:35,(anonymous_18)
FN:48,(anonymous_19)
FN:52,(anonymous_20)
FN:56,(anonymous_21)
FN:61,hex
FN:65,literalEscape
FN:73,(anonymous_24)
FN:74,(anonymous_25)
FN:77,classEscape
FN:87,(anonymous_27)
FN:88,(anonymous_28)
FN:91,describeExpectation
FN:95,describeExpected
FN:129,describeFound
FN:136,peg$parse
FN:144,(anonymous_33)
FN:270,(anonymous_34)
FN:276,(anonymous_35)
FN:282,(anonymous_36)
FN:288,(anonymous_37)
FN:294,(anonymous_38)
FN:300,(anonymous_39)
FN:306,(anonymous_40)
FN:312,(anonymous_41)
FN:318,(anonymous_42)
FN:324,(anonymous_43)
FN:330,(anonymous_44)
FN:336,(anonymous_45)
FN:342,(anonymous_46)
FN:348,(anonymous_47)
FN:354,(anonymous_48)
FN:370,(anonymous_49)
FN:373,(anonymous_50)
FN:376,(anonymous_51)
FN:379,(anonymous_52)
FN:382,(anonymous_53)
FN:385,(anonymous_54)
FN:388,(anonymous_55)
FN:391,(anonymous_56)
FN:399,(anonymous_57)
FN:422,(anonymous_58)
FN:435,(anonymous_59)
FN:436,(anonymous_60)
FN:458,(anonymous_61)
FN:461,(anonymous_62)
FN:466,(anonymous_63)
FN:471,(anonymous_64)
FN:476,(anonymous_65)
FN:481,(anonymous_66)
FN:486,(anonymous_67)
FN:491,(anonymous_68)
FN:496,(anonymous_69)
FN:501,(anonymous_70)
FN:506,(anonymous_71)
FN:511,(anonymous_72)
FN:516,(anonymous_73)
FN:521,(anonymous_74)
FN:526,(anonymous_75)
FN:531,(anonymous_76)
FN:536,(anonymous_77)
FN:541,(anonymous_78)
FN:546,(anonymous_79)
FN:551,(anonymous_80)
FN:556,(anonymous_81)
FN:565,(anonymous_82)
FN:570,(anonymous_83)
FN:575,(anonymous_84)
FN:580,(anonymous_85)
FN:589,(anonymous_86)
FN:594,(anonymous_87)
FN:599,(anonymous_88)
FN:604,(anonymous_89)
FN:609,(anonymous_90)
FN:614,(anonymous_91)
FN:619,(anonymous_92)
FN:624,(anonymous_93)
FN:629,(anonymous_94)
FN:634,(anonymous_95)
FN:639,(anonymous_96)
FN:648,(anonymous_97)
FN:653,(anonymous_98)
FN:658,(anonymous_99)
FN:663,(anonymous_100)
FN:668,(anonymous_101)
FN:677,(anonymous_102)
FN:682,(anonymous_103)
FN:687,(anonymous_104)
FN:692,(anonymous_105)
FN:697,(anonymous_106)
FN:702,(anonymous_107)
FN:707,(anonymous_108)
FN:712,(anonymous_109)
FN:717,(anonymous_110)
FN:722,(anonymous_111)
FN:731,(anonymous_112)
FN:736,(anonymous_113)
FN:741,(anonymous_114)
FN:746,(anonymous_115)
FN:751,(anonymous_116)
FN:756,(anonymous_117)
FN:761,(anonymous_118)
FN:766,(anonymous_119)
FN:771,(anonymous_120)
FN:776,(anonymous_121)
FN:781,(anonymous_122)
FN:786,(anonymous_123)
FN:791,(anonymous_124)
FN:796,(anonymous_125)
FN:801,(anonymous_126)
FN:806,(anonymous_127)
FN:811,(anonymous_128)
FN:820,(anonymous_129)
FN:825,(anonymous_130)
FN:830,(anonymous_131)
FN:835,(anonymous_132)
FN:840,(anonymous_133)
FN:845,(anonymous_134)
FN:854,(anonymous_135)
FN:859,(anonymous_136)
FN:864,(anonymous_137)
FN:869,(anonymous_138)
FN:874,(anonymous_139)
FN:883,(anonymous_140)
FN:888,(anonymous_141)
FN:893,(anonymous_142)
FN:898,(anonymous_143)
FN:903,(anonymous_144)
FN:908,(anonymous_145)
FN:913,(anonymous_146)
FN:918,(anonymous_147)
FN:923,(anonymous_148)
FN:928,(anonymous_149)
FN:933,(anonymous_150)
FN:938,(anonymous_151)
FN:943,(anonymous_152)
FN:948,(anonymous_153)
FN:953,(anonymous_154)
FN:958,(anonymous_155)
FN:963,(anonymous_156)
FN:968,(anonymous_157)
FN:973,(anonymous_158)
FN:978,(anonymous_159)
FN:983,(anonymous_160)
FN:988,(anonymous_161)
FN:993,(anonymous_162)
FN:998,(anonymous_163)
FN:1003,(anonymous_164)
FN:1008,(anonymous_165)
FN:1013,(anonymous_166)
FN:1018,(anonymous_167)
FN:1023,(anonymous_168)
FN:1028,(anonymous_169)
FN:1033,(anonymous_170)
FN:1038,(anonymous_171)
FN:1043,(anonymous_172)
FN:1048,(anonymous_173)
FN:1053,(anonymous_174)
FN:1058,(anonymous_175)
FN:1063,(anonymous_176)
FN:1068,(anonymous_177)
FN:1073,(anonymous_178)
FN:1078,(anonymous_179)
FN:1083,(anonymous_180)
FN:1088,(anonymous_181)
FN:1093,(anonymous_182)
FN:1098,(anonymous_183)
FN:1103,(anonymous_184)
FN:1108,(anonymous_185)
FN:1117,(anonymous_186)
FN:1122,(anonymous_187)
FN:1127,(anonymous_188)
FN:1132,(anonymous_189)
FN:1137,(anonymous_190)
FN:1142,(anonymous_191)
FN:1147,(anonymous_192)
FN:1152,(anonymous_193)
FN:1157,(anonymous_194)
FN:1162,(anonymous_195)
FN:1167,(anonymous_196)
FN:1172,(anonymous_197)
FN:1177,(anonymous_198)
FN:1182,(anonymous_199)
FN:1185,(anonymous_200)
FN:1188,(anonymous_201)
FN:1190,(anonymous_202)
FN:1192,(anonymous_203)
FN:1194,(anonymous_204)
FN:1207,(anonymous_205)
FN:1211,(anonymous_206)
FN:1216,(anonymous_207)
FN:1219,(anonymous_208)
FN:1224,(anonymous_209)
FN:1224,(anonymous_210)
FN:1227,(anonymous_211)
FN:1230,(anonymous_212)
FN:1233,(anonymous_213)
FN:1236,(anonymous_214)
FN:1239,(anonymous_215)
FN:1240,(anonymous_216)
FN:1255,(anonymous_217)
FN:1264,(anonymous_218)
FN:1269,(anonymous_219)
FN:1288,(anonymous_220)
FN:1291,(anonymous_221)
FN:1294,(anonymous_222)
FN:1297,(anonymous_223)
FN:1299,(anonymous_224)
FN:1302,(anonymous_225)
FN:1307,(anonymous_226)
FN:1310,(anonymous_227)
FN:1313,(anonymous_228)
FN:1316,(anonymous_229)
FN:1342,(anonymous_230)
FN:1345,(anonymous_231)
FN:1348,(anonymous_232)
FN:1351,(anonymous_233)
FN:1354,(anonymous_234)
FN:1360,(anonymous_235)
FN:1363,(anonymous_236)
FN:1366,(anonymous_237)
FN:1369,(anonymous_238)
FN:1374,(anonymous_239)
FN:1376,(anonymous_240)
FN:1377,(anonymous_241)
FN:1380,(anonymous_242)
FN:1401,text
FN:1425,peg$literalExpectation
FN:1429,peg$classExpectation
FN:1433,peg$anyExpectation
FN:1437,peg$endExpectation
FN:1441,peg$otherExpectation
FN:1445,peg$computePosDetails
FN:1478,peg$computeLocation
FN:1496,peg$fail
FN:1511,peg$buildStructuredError
FN:1520,peg$parseDocument
FN:1555,peg$parseGvizShape
FN:2100,peg$parseForwardLightArrow
FN:2135,peg$parseTwoWayLightArrow
FN:2170,peg$parseBackLightArrow
FN:2205,peg$parseForwardFatArrow
FN:2240,peg$parseTwoWayFatArrow
FN:2275,peg$parseBackFatArrow
FN:2310,peg$parseForwardTildeArrow
FN:2345,peg$parseTwoWayTildeArrow
FN:2380,peg$parseBackTildeArrow
FN:2415,peg$parseLightFatArrow
FN:2450,peg$parseLightTildeArrow
FN:2485,peg$parseFatLightArrow
FN:2520,peg$parseFatTildeArrow
FN:2555,peg$parseTildeLightArrow
FN:2590,peg$parseTildeFatArrow
FN:2625,peg$parseLightArrow
FN:2645,peg$parseFatArrow
FN:2665,peg$parseTildeArrow
FN:2685,peg$parseMixedArrow
FN:2714,peg$parseArrow
FN:2737,peg$parseHexDigit
FN:2751,peg$parseChar
FN:2947,peg$parseEscape
FN:2961,peg$parseQuoteMark
FN:2975,peg$parseUnescaped
FN:2989,peg$parseActionLabelChar
FN:3185,peg$parseActionLabelQuoteMark
FN:3199,peg$parseActionLabelUnescaped
FN:3213,peg$parseActionLabel
FN:3253,peg$parseLineTerminator
FN:3296,peg$parseBlockCommentTail
FN:3333,peg$parseBlockComment
FN:3367,peg$parseEOF
FN:3390,peg$parseLineCommentTail
FN:3424,peg$parseLineComment
FN:3458,peg$parseWS
FN:3550,peg$parseString
FN:3590,peg$parseAtomFirstLetter
FN:3604,peg$parseAtomLetter
FN:3618,peg$parseAtom
FN:3652,peg$parseLabel
FN:3669,peg$parseIntegerLiteral
FN:3705,peg$parseDecimalDigit
FN:3719,peg$parseNonZeroDigit
FN:3733,peg$parseNonNegNumber
FN:3809,peg$parseSemVer
FN:3971,peg$parseUrlProtocol
FN:3994,peg$parseURL
FN:4038,peg$parseSvgColorLabel
FN:8453,peg$parseSvgColor
FN:8479,peg$parseRgb3
FN:8529,peg$parseRgb6
FN:8597,peg$parseRgba4
FN:8653,peg$parseRgba8
FN:8733,peg$parseColor
FN:8759,peg$parseArrowItemKey
FN:8791,peg$parseArrowItem
FN:8883,peg$parseSingleEdgeColor
FN:8987,peg$parseArrowItems
FN:9007,peg$parseArrowDesc
FN:9069,peg$parseArrowProbability
FN:9098,peg$parseLabelList
FN:9187,peg$parseLabelOrLabelList
FN:9198,peg$parseStripe
FN:9273,peg$parseCycle
FN:9363,peg$parseArrowTarget
FN:9380,peg$parseSubexp
FN:9547,peg$parseExp
FN:9600,peg$parseValidationKey
FN:9623,peg$parseValidationItem
FN:9670,peg$parseValidationItems
FN:9687,peg$parseConfigValidation
FN:9809,peg$parseGvizLayout
FN:9850,peg$parseStateItemShapeKey
FN:9882,peg$parseStateItemShape
FN:9974,peg$parseStateItems
FN:9991,peg$parseConfigState
FN:10113,peg$parseActionKey
FN:10136,peg$parseActionItem
FN:10183,peg$parseActionItems
FN:10200,peg$parseConfigAction
FN:10322,peg$parseTransitionKey
FN:10345,peg$parseTransitionItem
FN:10392,peg$parseTransitionItems
FN:10412,peg$parseGraphDefaultEdgeColor
FN:10516,peg$parseConfigTransition
FN:10638,peg$parseConfigGraphLayout
FN:10736,peg$parseConfigStartNodes
FN:10834,peg$parseConfigEndNodes
FN:10932,peg$parseConfigGraphBgColor
FN:11030,peg$parseConfig
FN:11065,peg$parseLicenseOrLabelOrList
FN:11175,peg$parseMachineAuthor
FN:11273,peg$parseMachineContributor
FN:11371,peg$parseMachineComment
FN:11469,peg$parseMachineDefinition
FN:11567,peg$parseMachineName
FN:11763,peg$parseMachineVersion
FN:11861,peg$parseMachineLicense
FN:11959,peg$parseMachineLanguage
FN:12057,peg$parseFslVersion
FN:12155,peg$parseMachineAttribute
FN:12193,peg$parseSdNodeColor
FN:12297,peg$parseSdNodeShape
FN:12401,peg$parseStateDeclarationItems
FN:12412,peg$parseStateDeclarationDesc
FN:12476,peg$parseStateDeclaration
FN:12568,peg$parseNamedList
FN:12681,peg$parseTerm
FN:12701,peg$parseTermList
FNF:352
FNH:306
FNDA:30,peg$subclass
FNDA:30,ctor
FNDA:7,peg$SyntaxError
FNDA:7,(anonymous_16)
FNDA:9,(anonymous_17)
FNDA:2,(anonymous_18)
FNDA:0,(anonymous_19)
FNDA:0,(anonymous_20)
FNDA:24,(anonymous_21)
FNDA:0,hex
FNDA:16,literalEscape
FNDA:0,(anonymous_24)
FNDA:0,(anonymous_25)
FNDA:4,classEscape
FNDA:0,(anonymous_27)
FNDA:0,(anonymous_28)
FNDA:35,describeExpectation
FNDA:7,describeExpected
FNDA:7,describeFound
FNDA:576,peg$parse
FNDA:576,(anonymous_33)
FNDA:2,(anonymous_34)
FNDA:2,(anonymous_35)
FNDA:2,(anonymous_36)
FNDA:2,(anonymous_37)
FNDA:2,(anonymous_38)
FNDA:2,(anonymous_39)
FNDA:2,(anonymous_40)
FNDA:2,(anonymous_41)
FNDA:2,(anonymous_42)
FNDA:2,(anonymous_43)
FNDA:2,(anonymous_44)
FNDA:2,(anonymous_45)
FNDA:2,(anonymous_46)
FNDA:2,(anonymous_47)
FNDA:2,(anonymous_48)
FNDA:0,(anonymous_49)
FNDA:0,(anonymous_50)
FNDA:0,(anonymous_51)
FNDA:0,(anonymous_52)
FNDA:0,(anonymous_53)
FNDA:0,(anonymous_54)
FNDA:0,(anonymous_55)
FNDA:0,(anonymous_56)
FNDA:24,(anonymous_57)
FNDA:2652,(anonymous_58)
FNDA:13,(anonymous_59)
FNDA:16,(anonymous_60)
FNDA:3,(anonymous_61)
FNDA:2,(anonymous_62)
FNDA:2,(anonymous_63)
FNDA:2,(anonymous_64)
FNDA:4,(anonymous_65)
FNDA:2,(anonymous_66)
FNDA:2,(anonymous_67)
FNDA:2,(anonymous_68)
FNDA:2,(anonymous_69)
FNDA:2,(anonymous_70)
FNDA:2,(anonymous_71)
FNDA:2,(anonymous_72)
FNDA:2,(anonymous_73)
FNDA:2,(anonymous_74)
FNDA:2,(anonymous_75)
FNDA:2,(anonymous_76)
FNDA:2,(anonymous_77)
FNDA:2,(anonymous_78)
FNDA:2,(anonymous_79)
FNDA:2,(anonymous_80)
FNDA:2,(anonymous_81)
FNDA:2,(anonymous_82)
FNDA:2,(anonymous_83)
FNDA:2,(anonymous_84)
FNDA:4,(anonymous_85)
FNDA:2,(anonymous_86)
FNDA:2,(anonymous_87)
FNDA:2,(anonymous_88)
FNDA:2,(anonymous_89)
FNDA:2,(anonymous_90)
FNDA:2,(anonymous_91)
FNDA:2,(anonymous_92)
FNDA:2,(anonymous_93)
FNDA:2,(anonymous_94)
FNDA:2,(anonymous_95)
FNDA:4,(anonymous_96)
FNDA:2,(anonymous_97)
FNDA:2,(anonymous_98)
FNDA:2,(anonymous_99)
FNDA:2,(anonymous_100)
FNDA:4,(anonymous_101)
FNDA:2,(anonymous_102)
FNDA:2,(anonymous_103)
FNDA:2,(anonymous_104)
FNDA:2,(anonymous_105)
FNDA:4,(anonymous_106)
FNDA:2,(anonymous_107)
FNDA:2,(anonymous_108)
FNDA:2,(anonymous_109)
FNDA:2,(anonymous_110)
FNDA:4,(anonymous_111)
FNDA:2,(anonymous_112)
FNDA:2,(anonymous_113)
FNDA:2,(anonymous_114)
FNDA:2,(anonymous_115)
FNDA:2,(anonymous_116)
FNDA:2,(anonymous_117)
FNDA:2,(anonymous_118)
FNDA:2,(anonymous_119)
FNDA:2,(anonymous_120)
FNDA:2,(anonymous_121)
FNDA:2,(anonymous_122)
FNDA:2,(anonymous_123)
FNDA:2,(anonymous_124)
FNDA:2,(anonymous_125)
FNDA:2,(anonymous_126)
FNDA:2,(anonymous_127)
FNDA:4,(anonymous_128)
FNDA:2,(anonymous_129)
FNDA:2,(anonymous_130)
FNDA:2,(anonymous_131)
FNDA:2,(anonymous_132)
FNDA:2,(anonymous_133)
FNDA:4,(anonymous_134)
FNDA:2,(anonymous_135)
FNDA:2,(anonymous_136)
FNDA:2,(anonymous_137)
FNDA:2,(anonymous_138)
FNDA:2,(anonymous_139)
FNDA:2,(anonymous_140)
FNDA:2,(anonymous_141)
FNDA:2,(anonymous_142)
FNDA:2,(anonymous_143)
FNDA:2,(anonymous_144)
FNDA:2,(anonymous_145)
FNDA:2,(anonymous_146)
FNDA:2,(anonymous_147)
FNDA:2,(anonymous_148)
FNDA:2,(anonymous_149)
FNDA:2,(anonymous_150)
FNDA:2,(anonymous_151)
FNDA:2,(anonymous_152)
FNDA:2,(anonymous_153)
FNDA:2,(anonymous_154)
FNDA:2,(anonymous_155)
FNDA:2,(anonymous_156)
FNDA:2,(anonymous_157)
FNDA:2,(anonymous_158)
FNDA:2,(anonymous_159)
FNDA:14,(anonymous_160)
FNDA:2,(anonymous_161)
FNDA:2,(anonymous_162)
FNDA:2,(anonymous_163)
FNDA:2,(anonymous_164)
FNDA:2,(anonymous_165)
FNDA:2,(anonymous_166)
FNDA:2,(anonymous_167)
FNDA:2,(anonymous_168)
FNDA:2,(anonymous_169)
FNDA:2,(anonymous_170)
FNDA:2,(anonymous_171)
FNDA:2,(anonymous_172)
FNDA:8,(anonymous_173)
FNDA:2,(anonymous_174)
FNDA:2,(anonymous_175)
FNDA:2,(anonymous_176)
FNDA:2,(anonymous_177)
FNDA:2,(anonymous_178)
FNDA:2,(anonymous_179)
FNDA:2,(anonymous_180)
FNDA:2,(anonymous_181)
FNDA:2,(anonymous_182)
FNDA:2,(anonymous_183)
FNDA:2,(anonymous_184)
FNDA:4,(anonymous_185)
FNDA:2,(anonymous_186)
FNDA:2,(anonymous_187)
FNDA:2,(anonymous_188)
FNDA:2,(anonymous_189)
FNDA:2,(anonymous_190)
FNDA:2,(anonymous_191)
FNDA:2,(anonymous_192)
FNDA:2,(anonymous_193)
FNDA:2,(anonymous_194)
FNDA:2,(anonymous_195)
FNDA:2,(anonymous_196)
FNDA:2,(anonymous_197)
FNDA:2,(anonymous_198)
FNDA:2,(anonymous_199)
FNDA:312,(anonymous_200)
FNDA:0,(anonymous_201)
FNDA:0,(anonymous_202)
FNDA:0,(anonymous_203)
FNDA:0,(anonymous_204)
FNDA:10,(anonymous_205)
FNDA:294,(anonymous_206)
FNDA:393,(anonymous_207)
FNDA:6,(anonymous_208)
FNDA:45,(anonymous_209)
FNDA:126,(anonymous_210)
FNDA:3,(anonymous_211)
FNDA:1,(anonymous_212)
FNDA:10,(anonymous_213)
FNDA:6,(anonymous_214)
FNDA:4,(anonymous_215)
FNDA:754,(anonymous_216)
FNDA:594,(anonymous_217)
FNDA:0,(anonymous_218)
FNDA:0,(anonymous_219)
FNDA:0,(anonymous_220)
FNDA:0,(anonymous_221)
FNDA:0,(anonymous_222)
FNDA:0,(anonymous_223)
FNDA:0,(anonymous_224)
FNDA:0,(anonymous_225)
FNDA:3,(anonymous_226)
FNDA:1,(anonymous_227)
FNDA:1,(anonymous_228)
FNDA:0,(anonymous_229)
FNDA:8,(anonymous_230)
FNDA:8,(anonymous_231)
FNDA:3,(anonymous_232)
FNDA:3,(anonymous_233)
FNDA:298,(anonymous_234)
FNDA:8,(anonymous_235)
FNDA:23,(anonymous_236)
FNDA:7,(anonymous_237)
FNDA:8,(anonymous_238)
FNDA:18,(anonymous_239)
FNDA:63,(anonymous_240)
FNDA:81,(anonymous_241)
FNDA:4,(anonymous_242)
FNDA:32,text
FNDA:264384,peg$literalExpectation
FNDA:5760,peg$classExpectation
FNDA:576,peg$anyExpectation
FNDA:7,peg$endExpectation
FNDA:20160,peg$otherExpectation
FNDA:14,peg$computePosDetails
FNDA:7,peg$computeLocation
FNDA:41816,peg$fail
FNDA:7,peg$buildStructuredError
FNDA:576,peg$parseDocument
FNDA:64,peg$parseGvizShape
FNDA:1783,peg$parseForwardLightArrow
FNDA:1110,peg$parseTwoWayLightArrow
FNDA:1092,peg$parseBackLightArrow
FNDA:1078,peg$parseForwardFatArrow
FNDA:1075,peg$parseTwoWayFatArrow
FNDA:1071,peg$parseBackFatArrow
FNDA:1066,peg$parseForwardTildeArrow
FNDA:1061,peg$parseTwoWayTildeArrow
FNDA:1057,peg$parseBackTildeArrow
FNDA:1807,peg$parseLightFatArrow
FNDA:1803,peg$parseLightTildeArrow
FNDA:1799,peg$parseFatLightArrow
FNDA:1795,peg$parseFatTildeArrow
FNDA:1791,peg$parseTildeLightArrow
FNDA:1787,peg$parseTildeFatArrow
FNDA:1783,peg$parseLightArrow
FNDA:1078,peg$parseFatArrow
FNDA:1066,peg$parseTildeArrow
FNDA:1807,peg$parseMixedArrow
FNDA:1807,peg$parseArrow
FNDA:0,peg$parseHexDigit
FNDA:85,peg$parseChar
FNDA:24,peg$parseEscape
FNDA:1225,peg$parseQuoteMark
FNDA:85,peg$parseUnescaped
FNDA:34,peg$parseActionLabelChar
FNDA:2569,peg$parseActionLabelQuoteMark
FNDA:34,peg$parseActionLabelUnescaped
FNDA:2561,peg$parseActionLabel
FNDA:78,peg$parseLineTerminator
FNDA:118,peg$parseBlockCommentTail
FNDA:35937,peg$parseBlockComment
FNDA:67,peg$parseEOF
FNDA:78,peg$parseLineCommentTail
FNDA:35903,peg$parseLineComment
FNDA:35937,peg$parseWS
FNDA:1209,peg$parseString
FNDA:3861,peg$parseAtomFirstLetter
FNDA:15233,peg$parseAtomLetter
FNDA:3861,peg$parseAtom
FNDA:3861,peg$parseLabel
FNDA:5167,peg$parseIntegerLiteral
FNDA:78,peg$parseDecimalDigit
FNDA:5156,peg$parseNonZeroDigit
FNDA:2561,peg$parseNonNegNumber
FNDA:18,peg$parseSemVer
FNDA:4,peg$parseUrlProtocol
FNDA:4,peg$parseURL
FNDA:312,peg$parseSvgColorLabel
FNDA:312,peg$parseSvgColor
FNDA:0,peg$parseRgb3
FNDA:0,peg$parseRgb6
FNDA:0,peg$parseRgba4
FNDA:0,peg$parseRgba8
FNDA:312,peg$parseColor
FNDA:28,peg$parseArrowItemKey
FNDA:28,peg$parseArrowItem
FNDA:312,peg$parseSingleEdgeColor
FNDA:312,peg$parseArrowItems
FNDA:2561,peg$parseArrowDesc
FNDA:2561,peg$parseArrowProbability
FNDA:2381,peg$parseLabelList
FNDA:23,peg$parseLabelOrLabelList
FNDA:2380,peg$parseStripe
FNDA:2376,peg$parseCycle
FNDA:2380,peg$parseArrowTarget
FNDA:1807,peg$parseSubexp
FNDA:1626,peg$parseExp
FNDA:0,peg$parseValidationKey
FNDA:0,peg$parseValidationItem
FNDA:0,peg$parseValidationItems
FNDA:576,peg$parseConfigValidation
FNDA:3,peg$parseGvizLayout
FNDA:0,peg$parseStateItemShapeKey
FNDA:0,peg$parseStateItemShape
FNDA:0,peg$parseStateItems
FNDA:576,peg$parseConfigState
FNDA:0,peg$parseActionKey
FNDA:0,peg$parseActionItem
FNDA:0,peg$parseActionItems
FNDA:576,peg$parseConfigAction
FNDA:0,peg$parseTransitionKey
FNDA:0,peg$parseTransitionItem
FNDA:0,peg$parseTransitionItems
FNDA:0,peg$parseGraphDefaultEdgeColor
FNDA:576,peg$parseConfigTransition
FNDA:581,peg$parseConfigGraphLayout
FNDA:578,peg$parseConfigStartNodes
FNDA:577,peg$parseConfigEndNodes
FNDA:576,peg$parseConfigGraphBgColor
FNDA:581,peg$parseConfig
FNDA:23,peg$parseLicenseOrLabelOrList
FNDA:641,peg$parseMachineAuthor
FNDA:633,peg$parseMachineContributor
FNDA:625,peg$parseMachineComment
FNDA:622,peg$parseMachineDefinition
FNDA:939,peg$parseMachineName
FNDA:619,peg$parseMachineVersion
FNDA:611,peg$parseMachineLicense
FNDA:588,peg$parseMachineLanguage
FNDA:947,peg$parseFslVersion
FNDA:947,peg$parseMachineAttribute
FNDA:164,peg$parseSdNodeColor
FNDA:146,peg$parseSdNodeShape
FNDA:164,peg$parseStateDeclarationItems
FNDA:457,peg$parseStateDeclarationDesc
FNDA:1032,peg$parseStateDeclaration
FNDA:951,peg$parseNamedList
FNDA:1626,peg$parseTerm
FNDA:576,peg$parseTermList
DA:10,30
DA:11,30
DA:12,30
DA:16,7
DA:17,7
DA:18,7
DA:19,7
DA:20,7
DA:22,7
DA:23,7
DA:27,30
DA:29,30
DA:30,7
DA:32,9
DA:36,2
DA:39,2
DA:40,2
DA:45,2
DA:49,0
DA:53,0
DA:57,24
DA:62,0
DA:66,16
DA:73,0
DA:74,0
DA:78,4
DA:87,0
DA:88,0
DA:92,35
DA:96,7
DA:99,7
DA:100,35
DA:103,7
DA:105,7
DA:106,7
DA:107,28
DA:108,18
DA:109,18
DA:112,7
DA:115,7
DA:117,3
DA:120,0
DA:123,4
DA:130,7
DA:133,7
DA:137,576
DA:139,576
DA:141,576
DA:142,576
DA:144,576
DA:145,576
DA:146,576
DA:147,576
DA:148,576
DA:149,576
DA:150,576
DA:151,576
DA:152,576
DA:153,576
DA:154,576
DA:155,576
DA:156,576
DA:157,576
DA:158,576
DA:159,576
DA:160,576
DA:161,576
DA:162,576
DA:163,576
DA:164,576
DA:165,576
DA:166,576
DA:167,576
DA:168,576
DA:169,576
DA:170,576
DA:171,576
DA:172,576
DA:173,576
DA:174,576
DA:175,576
DA:176,576
DA:177,576
DA:178,576
DA:179,576
DA:180,576
DA:181,576
DA:182,576
DA:183,576
DA:184,576
DA:185,576
DA:186,576
DA:187,576
DA:188,576
DA:189,576
DA:190,576
DA:191,576
DA:192,576
DA:193,576
DA:194,576
DA:195,576
DA:196,576
DA:197,576
DA:198,576
DA:199,576
DA:200,576
DA:201,576
DA:202,576
DA:203,576
DA:204,576
DA:205,576
DA:206,576
DA:207,576
DA:208,576
DA:209,576
DA:210,576
DA:211,576
DA:212,576
DA:213,576
DA:214,576
DA:215,576
DA:216,576
DA:217,576
DA:218,576
DA:219,576
DA:220,576
DA:221,576
DA:222,576
DA:223,576
DA:224,576
DA:225,576
DA:226,576
DA:227,576
DA:228,576
DA:229,576
DA:230,576
DA:231,576
DA:232,576
DA:233,576
DA:234,576
DA:235,576
DA:236,576
DA:237,576
DA:238,576
DA:239,576
DA:240,576
DA:241,576
DA:242,576
DA:243,576
DA:244,576
DA:245,576
DA:246,576
DA:247,576
DA:248,576
DA:249,576
DA:250,576
DA:251,576
DA:252,576
DA:253,576
DA:254,576
DA:255,576
DA:256,576
DA:257,576
DA:258,576
DA:259,576
DA:260,576
DA:261,576
DA:262,576
DA:263,576
DA:264,576
DA:265,576
DA:266,576
DA:267,576
DA:268,576
DA:269,576
DA:270,576
DA:271,576
DA:272,576
DA:273,576
DA:274,576
DA:275,576
DA:276,576
DA:277,576
DA:278,576
DA:279,576
DA:280,576
DA:281,576
DA:282,576
DA:283,576
DA:284,576
DA:285,576
DA:286,576
DA:287,576
DA:288,576
DA:289,576
DA:290,576
DA:291,576
DA:292,576
DA:293,576
DA:294,576
DA:295,576
DA:296,576
DA:297,576
DA:298,576
DA:299,576
DA:300,576
DA:301,576
DA:302,576
DA:303,576
DA:304,576
DA:305,576
DA:306,576
DA:307,576
DA:308,576
DA:309,576
DA:310,576
DA:311,576
DA:312,576
DA:313,576
DA:314,576
DA:315,576
DA:316,576
DA:317,576
DA:318,576
DA:319,576
DA:320,576
DA:321,576
DA:322,576
DA:323,576
DA:324,576
DA:325,576
DA:326,576
DA:327,576
DA:328,576
DA:329,576
DA:330,576
DA:331,576
DA:332,576
DA:333,576
DA:334,576
DA:335,576
DA:336,576
DA:337,576
DA:338,576
DA:339,576
DA:340,576
DA:341,576
DA:342,576
DA:343,576
DA:344,576
DA:345,576
DA:346,576
DA:347,576
DA:348,576
DA:349,576
DA:350,576
DA:351,576
DA:352,576
DA:353,576
DA:354,576
DA:355,576
DA:356,576
DA:357,576
DA:358,576
DA:359,576
DA:360,576
DA:361,576
DA:362,576
DA:363,576
DA:364,576
DA:365,576
DA:366,576
DA:367,576
DA:368,576
DA:369,576
DA:370,576
DA:371,576
DA:372,576
DA:373,576
DA:374,576
DA:375,576
DA:376,576
DA:377,576
DA:378,576
DA:379,576
DA:380,576
DA:381,576
DA:382,576
DA:383,576
DA:384,576
DA:385,576
DA:386,576
DA:387,576
DA:388,576
DA:389,0
DA:391,576
DA:392,576
DA:393,576
DA:394,576
DA:395,576
DA:396,576
DA:397,576
DA:398,576
DA:399,576
DA:400,576
DA:401,576
DA:404,576
DA:405,576
DA:406,576
DA:407,576
DA:408,576
DA:409,576
DA:410,576
DA:411,576
DA:412,576
DA:413,576
DA:414,576
DA:415,576
DA:416,576
DA:417,576
DA:418,576
DA:419,576
DA:420,576
DA:421,576
DA:422,576
DA:423,2652
DA:425,576
DA:426,576
DA:427,576
DA:428,576
DA:429,576
DA:430,576
DA:431,576
DA:432,576
DA:433,576
DA:434,576
DA:435,576
DA:436,576
DA:452,576
DA:453,576
DA:454,576
DA:455,576
DA:456,576
DA:457,576
DA:458,576
DA:459,576
DA:460,576
DA:461,576
DA:462,576
DA:463,576
DA:464,576
DA:465,576
DA:466,576
DA:467,576
DA:468,576
DA:469,576
DA:470,576
DA:471,576
DA:472,576
DA:473,576
DA:474,576
DA:475,576
DA:476,576
DA:477,576
DA:478,576
DA:479,576
DA:480,576
DA:481,576
DA:482,576
DA:483,576
DA:484,576
DA:485,576
DA:486,576
DA:487,576
DA:488,576
DA:489,576
DA:490,576
DA:491,576
DA:492,576
DA:493,576
DA:494,576
DA:495,576
DA:496,576
DA:497,576
DA:498,576
DA:499,576
DA:500,576
DA:501,576
DA:502,576
DA:503,576
DA:504,576
DA:505,576
DA:506,576
DA:507,576
DA:508,576
DA:509,576
DA:510,576
DA:511,576
DA:512,576
DA:513,576
DA:514,576
DA:515,576
DA:516,576
DA:517,576
DA:518,576
DA:519,576
DA:520,576
DA:521,576
DA:522,576
DA:523,576
DA:524,576
DA:525,576
DA:526,576
DA:527,576
DA:528,576
DA:529,576
DA:530,576
DA:531,576
DA:532,576
DA:533,576
DA:534,576
DA:535,576
DA:536,576
DA:537,576
DA:538,576
DA:539,576
DA:540,576
DA:541,576
DA:542,576
DA:543,576
DA:544,576
DA:545,576
DA:546,576
DA:547,576
DA:548,576
DA:549,576
DA:550,576
DA:551,576
DA:552,576
DA:553,576
DA:554,576
DA:555,576
DA:556,576
DA:557,576
DA:558,576
DA:559,576
DA:560,576
DA:561,576
DA:562,576
DA:563,576
DA:564,576
DA:565,576
DA:566,576
DA:567,576
DA:568,576
DA:569,576
DA:570,576
DA:571,576
DA:572,576
DA:573,576
DA:574,576
DA:575,576
DA:576,576
DA:577,576
DA:578,576
DA:579,576
DA:580,576
DA:581,576
DA:582,576
DA:583,576
DA:584,576
DA:585,576
DA:586,576
DA:587,576
DA:588,576
DA:589,576
DA:590,576
DA:591,576
DA:592,576
DA:593,576
DA:594,576
DA:595,576
DA:596,576
DA:597,576
DA:598,576
DA:599,576
DA:600,576
DA:601,576
DA:602,576
DA:603,576
DA:604,576
DA:605,576
DA:606,576
DA:607,576
DA:608,576
DA:609,576
DA:610,576
DA:611,576
DA:612,576
DA:613,576
DA:614,576
DA:615,576
DA:616,576
DA:617,576
DA:618,576
DA:619,576
DA:620,576
DA:621,576
DA:622,576
DA:623,576
DA:624,576
DA:625,576
DA:626,576
DA:627,576
DA:628,576
DA:629,576
DA:630,576
DA:631,576
DA:632,576
DA:633,576
DA:634,576
DA:635,576
DA:636,576
DA:637,576
DA:638,576
DA:639,576
DA:640,576
DA:641,576
DA:642,576
DA:643,576
DA:644,576
DA:645,576
DA:646,576
DA:647,576
DA:648,576
DA:649,576
DA:650,576
DA:651,576
DA:652,576
DA:653,576
DA:654,576
DA:655,576
DA:656,576
DA:657,576
DA:658,576
DA:659,576
DA:660,576
DA:661,576
DA:662,576
DA:663,576
DA:664,576
DA:665,576
DA:666,576
DA:667,576
DA:668,576
DA:669,576
DA:670,576
DA:671,576
DA:672,576
DA:673,576
DA:674,576
DA:675,576
DA:676,576
DA:677,576
DA:678,576
DA:679,576
DA:680,576
DA:681,576
DA:682,576
DA:683,576
DA:684,576
DA:685,576
DA:686,576
DA:687,576
DA:688,576
DA:689,576
DA:690,576
DA:691,576
DA:692,576
DA:693,576
DA:694,576
DA:695,576
DA:696,576
DA:697,576
DA:698,576
DA:699,576
DA:700,576
DA:701,576
DA:702,576
DA:703,576
DA:704,576
DA:705,576
DA:706,576
DA:707,576
DA:708,576
DA:709,576
DA:710,576
DA:711,576
DA:712,576
DA:713,576
DA:714,576
DA:715,576
DA:716,576
DA:717,576
DA:718,576
DA:719,576
DA:720,576
DA:721,576
DA:722,576
DA:723,576
DA:724,576
DA:725,576
DA:726,576
DA:727,576
DA:728,576
DA:729,576
DA:730,576
DA:731,576
DA:732,576
DA:733,576
DA:734,576
DA:735,576
DA:736,576
DA:737,576
DA:738,576
DA:739,576
DA:740,576
DA:741,576
DA:742,576
DA:743,576
DA:744,576
DA:745,576
DA:746,576
DA:747,576
DA:748,576
DA:749,576
DA:750,576
DA:751,576
DA:752,576
DA:753,576
DA:754,576
DA:755,576
DA:756,576
DA:757,576
DA:758,576
DA:759,576
DA:760,576
DA:761,576
DA:762,576
DA:763,576
DA:764,576
DA:765,576
DA:766,576
DA:767,576
DA:768,576
DA:769,576
DA:770,576
DA:771,576
DA:772,576
DA:773,576
DA:774,576
DA:775,576
DA:776,576
DA:777,576
DA:778,576
DA:779,576
DA:780,576
DA:781,576
DA:782,576
DA:783,576
DA:784,576
DA:785,576
DA:786,576
DA:787,576
DA:788,576
DA:789,576
DA:790,576
DA:791,576
DA:792,576
DA:793,576
DA:794,576
DA:795,576
DA:796,576
DA:797,576
DA:798,576
DA:799,576
DA:800,576
DA:801,576
DA:802,576
DA:803,576
DA:804,576
DA:805,576
DA:806,576
DA:807,576
DA:808,576
DA:809,576
DA:810,576
DA:811,576
DA:812,576
DA:813,576
DA:814,576
DA:815,576
DA:816,576
DA:817,576
DA:818,576
DA:819,576
DA:820,576
DA:821,576
DA:822,576
DA:823,576
DA:824,576
DA:825,576
DA:826,576
DA:827,576
DA:828,576
DA:829,576
DA:830,576
DA:831,576
DA:832,576
DA:833,576
DA:834,576
DA:835,576
DA:836,576
DA:837,576
DA:838,576
DA:839,576
DA:840,576
DA:841,576
DA:842,576
DA:843,576
DA:844,576
DA:845,576
DA:846,576
DA:847,576
DA:848,576
DA:849,576
DA:850,576
DA:851,576
DA:852,576
DA:853,576
DA:854,576
DA:855,576
DA:856,576
DA:857,576
DA:858,576
DA:859,576
DA:860,576
DA:861,576
DA:862,576
DA:863,576
DA:864,576
DA:865,576
DA:866,576
DA:867,576
DA:868,576
DA:869,576
DA:870,576
DA:871,576
DA:872,576
DA:873,576
DA:874,576
DA:875,576
DA:876,576
DA:877,576
DA:878,576
DA:879,576
DA:880,576
DA:881,576
DA:882,576
DA:883,576
DA:884,576
DA:885,576
DA:886,576
DA:887,576
DA:888,576
DA:889,576
DA:890,576
DA:891,576
DA:892,576
DA:893,576
DA:894,576
DA:895,576
DA:896,576
DA:897,576
DA:898,576
DA:899,576
DA:900,576
DA:901,576
DA:902,576
DA:903,576
DA:904,576
DA:905,576
DA:906,576
DA:907,576
DA:908,576
DA:909,576
DA:910,576
DA:911,576
DA:912,576
DA:913,576
DA:914,576
DA:915,576
DA:916,576
DA:917,576
DA:918,576
DA:919,576
DA:920,576
DA:921,576
DA:922,576
DA:923,576
DA:924,576
DA:925,576
DA:926,576
DA:927,576
DA:928,576
DA:929,576
DA:930,576
DA:931,576
DA:932,576
DA:933,576
DA:934,576
DA:935,576
DA:936,576
DA:937,576
DA:938,576
DA:939,576
DA:940,576
DA:941,576
DA:942,576
DA:943,576
DA:944,576
DA:945,576
DA:946,576
DA:947,576
DA:948,576
DA:949,576
DA:950,576
DA:951,576
DA:952,576
DA:953,576
DA:954,576
DA:955,576
DA:956,576
DA:957,576
DA:958,576
DA:959,576
DA:960,576
DA:961,576
DA:962,576
DA:963,576
DA:964,576
DA:965,576
DA:966,576
DA:967,576
DA:968,576
DA:969,576
DA:970,576
DA:971,576
DA:972,576
DA:973,576
DA:974,576
DA:975,576
DA:976,576
DA:977,576
DA:978,576
DA:979,576
DA:980,576
DA:981,576
DA:982,576
DA:983,576
DA:984,576
DA:985,576
DA:986,576
DA:987,576
DA:988,576
DA:989,576
DA:990,576
DA:991,576
DA:992,576
DA:993,576
DA:994,576
DA:995,576
DA:996,576
DA:997,576
DA:998,576
DA:999,576
DA:1000,576
DA:1001,576
DA:1002,576
DA:1003,576
DA:1004,576
DA:1005,576
DA:1006,576
DA:1007,576
DA:1008,576
DA:1009,576
DA:1010,576
DA:1011,576
DA:1012,576
DA:1013,576
DA:1014,576
DA:1015,576
DA:1016,576
DA:1017,576
DA:1018,576
DA:1019,576
DA:1020,576
DA:1021,576
DA:1022,576
DA:1023,576
DA:1024,576
DA:1025,576
DA:1026,576
DA:1027,576
DA:1028,576
DA:1029,576
DA:1030,576
DA:1031,576
DA:1032,576
DA:1033,576
DA:1034,576
DA:1035,576
DA:1036,576
DA:1037,576
DA:1038,576
DA:1039,576
DA:1040,576
DA:1041,576
DA:1042,576
DA:1043,576
DA:1044,576
DA:1045,576
DA:1046,576
DA:1047,576
DA:1048,576
DA:1049,576
DA:1050,576
DA:1051,576
DA:1052,576
DA:1053,576
DA:1054,576
DA:1055,576
DA:1056,576
DA:1057,576
DA:1058,576
DA:1059,576
DA:1060,576
DA:1061,576
DA:1062,576
DA:1063,576
DA:1064,576
DA:1065,576
DA:1066,576
DA:1067,576
DA:1068,576
DA:1069,576
DA:1070,576
DA:1071,576
DA:1072,576
DA:1073,576
DA:1074,576
DA:1075,576
DA:1076,576
DA:1077,576
DA:1078,576
DA:1079,576
DA:1080,576
DA:1081,576
DA:1082,576
DA:1083,576
DA:1084,576
DA:1085,576
DA:1086,576
DA:1087,576
DA:1088,576
DA:1089,576
DA:1090,576
DA:1091,576
DA:1092,576
DA:1093,576
DA:1094,576
DA:1095,576
DA:1096,576
DA:1097,576
DA:1098,576
DA:1099,576
DA:1100,576
DA:1101,576
DA:1102,576
DA:1103,576
DA:1104,576
DA:1105,576
DA:1106,576
DA:1107,576
DA:1108,576
DA:1109,576
DA:1110,576
DA:1111,576
DA:1112,576
DA:1113,576
DA:1114,576
DA:1115,576
DA:1116,576
DA:1117,576
DA:1118,576
DA:1119,576
DA:1120,576
DA:1121,576
DA:1122,576
DA:1123,576
DA:1124,576
DA:1125,576
DA:1126,576
DA:1127,576
DA:1128,576
DA:1129,576
DA:1130,576
DA:1131,576
DA:1132,576
DA:1133,576
DA:1134,576
DA:1135,576
DA:1136,576
DA:1137,576
DA:1138,576
DA:1139,576
DA:1140,576
DA:1141,576
DA:1142,576
DA:1143,576
DA:1144,576
DA:1145,576
DA:1146,576
DA:1147,576
DA:1148,576
DA:1149,576
DA:1150,576
DA:1151,576
DA:1152,576
DA:1153,576
DA:1154,576
DA:1155,576
DA:1156,576
DA:1157,576
DA:1158,576
DA:1159,576
DA:1160,576
DA:1161,576
DA:1162,576
DA:1163,576
DA:1164,576
DA:1165,576
DA:1166,576
DA:1167,576
DA:1168,576
DA:1169,576
DA:1170,576
DA:1171,576
DA:1172,576
DA:1173,576
DA:1174,576
DA:1175,576
DA:1176,576
DA:1177,576
DA:1178,576
DA:1179,576
DA:1180,576
DA:1181,576
DA:1182,576
DA:1183,576
DA:1184,576
DA:1185,576
DA:1186,576
DA:1187,576
DA:1188,576
DA:1189,0
DA:1190,576
DA:1191,0
DA:1192,576
DA:1193,0
DA:1194,576
DA:1195,0
DA:1196,576
DA:1197,576
DA:1198,576
DA:1199,576
DA:1200,576
DA:1201,576
DA:1202,576
DA:1203,576
DA:1204,576
DA:1205,576
DA:1206,576
DA:1207,576
DA:1208,576
DA:1209,576
DA:1210,576
DA:1211,576
DA:1212,576
DA:1213,576
DA:1214,576
DA:1215,576
DA:1216,576
DA:1217,576
DA:1218,576
DA:1219,576
DA:1220,576
DA:1221,576
DA:1222,576
DA:1223,576
DA:1224,576
DA:1225,576
DA:1226,576
DA:1227,576
DA:1228,576
DA:1229,576
DA:1230,576
DA:1231,576
DA:1232,576
DA:1233,576
DA:1234,576
DA:1235,576
DA:1236,576
DA:1237,576
DA:1238,576
DA:1239,576
DA:1240,576
DA:1242,754
DA:1244,754
DA:1245,754
DA:1246,754
DA:1247,754
DA:1248,754
DA:1249,754
DA:1250,754
DA:1252,754
DA:1255,576
DA:1256,594
DA:1257,594
DA:1258,594
DA:1260,576
DA:1261,576
DA:1262,576
DA:1263,576
DA:1264,576
DA:1265,576
DA:1266,576
DA:1267,576
DA:1268,576
DA:1269,576
DA:1270,0
DA:1272,576
DA:1273,576
DA:1274,576
DA:1275,576
DA:1276,576
DA:1277,576
DA:1278,576
DA:1279,576
DA:1280,576
DA:1281,576
DA:1282,576
DA:1283,576
DA:1284,576
DA:1285,576
DA:1286,576
DA:1287,576
DA:1288,576
DA:1289,0
DA:1291,576
DA:1292,576
DA:1293,576
DA:1294,576
DA:1295,0
DA:1297,576
DA:1298,576
DA:1299,576
DA:1300,576
DA:1301,576
DA:1302,576
DA:1303,0
DA:1305,576
DA:1306,576
DA:1307,576
DA:1308,576
DA:1309,576
DA:1310,576
DA:1311,576
DA:1312,576
DA:1313,576
DA:1314,576
DA:1315,576
DA:1316,576
DA:1317,576
DA:1318,576
DA:1319,576
DA:1320,576
DA:1321,576
DA:1322,576
DA:1323,576
DA:1324,576
DA:1325,576
DA:1326,576
DA:1327,576
DA:1328,576
DA:1329,576
DA:1330,576
DA:1331,576
DA:1332,576
DA:1333,576
DA:1334,576
DA:1335,576
DA:1336,576
DA:1337,576
DA:1338,576
DA:1339,576
DA:1340,576
DA:1341,576
DA:1342,576
DA:1343,576
DA:1344,576
DA:1345,576
DA:1346,576
DA:1347,576
DA:1348,576
DA:1349,576
DA:1350,576
DA:1351,576
DA:1352,576
DA:1353,576
DA:1354,576
DA:1358,576
DA:1359,576
DA:1360,576
DA:1361,576
DA:1362,576
DA:1363,576
DA:1364,576
DA:1365,576
DA:1366,576
DA:1367,576
DA:1368,576
DA:1369,576
DA:1370,576
DA:1371,576
DA:1372,576
DA:1373,576
DA:1374,576
DA:1375,576
DA:1376,576
DA:1377,576
DA:1378,576
DA:1379,576
DA:1380,576
DA:1381,4
DA:1384,576
DA:1385,576
DA:1386,576
DA:1387,576
DA:1388,576
DA:1389,576
DA:1393,576
DA:1394,0
DA:1395,0
DA:1398,0
DA:1402,32
DA:1426,264384
DA:1430,5760
DA:1434,576
DA:1438,7
DA:1442,20160
DA:1446,14
DA:1448,14
DA:1449,0
DA:1451,14
DA:1452,14
DA:1453,86
DA:1456,14
DA:1457,14
DA:1462,14
DA:1463,100
DA:1464,0
DA:1465,0
DA:1467,100
DA:1470,100
DA:1473,14
DA:1474,14
DA:1479,7
DA:1480,7
DA:1482,7
DA:1497,41816
DA:1499,40499
DA:1500,4708
DA:1501,4708
DA:1504,40499
DA:1512,7
DA:1523,576
DA:1524,576
DA:1525,576
DA:1526,568
DA:1528,576
DA:1529,576
DA:1530,576
DA:1531,576
DA:1532,576
DA:1533,576
DA:1535,576
DA:1536,576
DA:1537,576
DA:1538,576
DA:1540,0
DA:1541,0
DA:1544,0
DA:1545,0
DA:1548,0
DA:1549,0
DA:1552,576
DA:1558,64
DA:1559,1
DA:1560,1
DA:1562,63
DA:1563,63
DA:1565,64
DA:1566,63
DA:1567,1
DA:1568,1
DA:1570,62
DA:1571,62
DA:1573,63
DA:1574,62
DA:1575,1
DA:1576,1
DA:1578,61
DA:1579,61
DA:1581,62
DA:1582,61
DA:1583,1
DA:1584,1
DA:1586,60
DA:1587,60
DA:1589,61
DA:1590,60
DA:1591,4
DA:1592,4
DA:1594,56
DA:1595,56
DA:1597,60
DA:1598,56
DA:1599,1
DA:1600,1
DA:1602,55
DA:1603,55
DA:1605,56
DA:1606,55
DA:1607,1
DA:1608,1
DA:1610,54
DA:1611,54
DA:1613,55
DA:1614,54
DA:1615,1
DA:1616,1
DA:1618,53
DA:1619,53
DA:1621,54
DA:1622,53
DA:1623,1
DA:1624,1
DA:1626,52
DA:1627,52
DA:1629,53
DA:1630,52
DA:1631,1
DA:1632,1
DA:1634,51
DA:1635,51
DA:1637,52
DA:1638,51
DA:1639,1
DA:1640,1
DA:1642,50
DA:1643,50
DA:1645,51
DA:1646,50
DA:1647,1
DA:1648,1
DA:1650,49
DA:1651,49
DA:1653,50
DA:1654,49
DA:1655,1
DA:1656,1
DA:1658,48
DA:1659,48
DA:1661,49
DA:1662,48
DA:1663,1
DA:1664,1
DA:1666,47
DA:1667,47
DA:1669,48
DA:1670,47
DA:1671,1
DA:1672,1
DA:1674,46
DA:1675,46
DA:1677,47
DA:1678,46
DA:1679,1
DA:1680,1
DA:1682,45
DA:1683,45
DA:1685,46
DA:1686,45
DA:1687,1
DA:1688,1
DA:1690,44
DA:1691,44
DA:1693,45
DA:1694,44
DA:1695,1
DA:1696,1
DA:1698,43
DA:1699,43
DA:1701,44
DA:1702,43
DA:1703,1
DA:1704,1
DA:1706,42
DA:1707,42
DA:1709,43
DA:1710,42
DA:1711,1
DA:1712,1
DA:1714,41
DA:1715,41
DA:1717,42
DA:1718,41
DA:1719,1
DA:1720,1
DA:1722,40
DA:1723,40
DA:1725,41
DA:1726,40
DA:1727,1
DA:1728,1
DA:1730,39
DA:1731,39
DA:1733,40
DA:1734,39
DA:1735,1
DA:1736,1
DA:1738,38
DA:1739,38
DA:1741,39
DA:1742,38
DA:1743,1
DA:1744,1
DA:1746,37
DA:1747,37
DA:1749,38
DA:1750,37
DA:1751,1
DA:1752,1
DA:1754,36
DA:1755,36
DA:1757,37
DA:1758,36
DA:1759,1
DA:1760,1
DA:1762,35
DA:1763,35
DA:1765,36
DA:1766,35
DA:1767,1
DA:1768,1
DA:1770,34
DA:1771,34
DA:1773,35
DA:1774,34
DA:1775,1
DA:1776,1
DA:1778,33
DA:1779,33
DA:1781,34
DA:1782,33
DA:1783,1
DA:1784,1
DA:1786,32
DA:1787,32
DA:1789,33
DA:1790,32
DA:1791,1
DA:1792,1
DA:1794,31
DA:1795,31
DA:1797,32
DA:1798,31
DA:1799,1
DA:1800,1
DA:1802,30
DA:1803,30
DA:1805,31
DA:1806,30
DA:1807,1
DA:1808,1
DA:1810,29
DA:1811,29
DA:1813,30
DA:1814,29
DA:1815,1
DA:1816,1
DA:1818,28
DA:1819,28
DA:1821,29
DA:1822,28
DA:1823,1
DA:1824,1
DA:1826,27
DA:1827,27
DA:1829,28
DA:1830,27
DA:1831,1
DA:1832,1
DA:1834,26
DA:1835,26
DA:1837,27
DA:1838,26
DA:1839,1
DA:1840,1
DA:1842,25
DA:1843,25
DA:1845,26
DA:1846,25
DA:1847,1
DA:1848,1
DA:1850,24
DA:1851,24
DA:1853,25
DA:1854,24
DA:1855,1
DA:1856,1
DA:1858,23
DA:1859,23
DA:1861,24
DA:1862,23
DA:1863,1
DA:1864,1
DA:1866,22
DA:1867,22
DA:1869,23
DA:1870,22
DA:1871,1
DA:1872,1
DA:1874,21
DA:1875,21
DA:1877,22
DA:1878,21
DA:1879,1
DA:1880,1
DA:1882,20
DA:1883,20
DA:1885,21
DA:1886,20
DA:1887,1
DA:1888,1
DA:1890,19
DA:1891,19
DA:1893,20
DA:1894,19
DA:1895,1
DA:1896,1
DA:1898,18
DA:1899,18
DA:1901,19
DA:1902,18
DA:1903,1
DA:1904,1
DA:1906,17
DA:1907,17
DA:1909,18
DA:1910,17
DA:1911,1
DA:1912,1
DA:1914,16
DA:1915,16
DA:1917,17
DA:1918,16
DA:1919,1
DA:1920,1
DA:1922,15
DA:1923,15
DA:1925,16
DA:1926,15
DA:1927,1
DA:1928,1
DA:1930,14
DA:1931,14
DA:1933,15
DA:1934,14
DA:1935,1
DA:1936,1
DA:1938,13
DA:1939,13
DA:1941,14
DA:1942,13
DA:1943,1
DA:1944,1
DA:1946,12
DA:1947,12
DA:1949,13
DA:1950,12
DA:1951,1
DA:1952,1
DA:1954,11
DA:1955,11
DA:1957,12
DA:1958,11
DA:1959,1
DA:1960,1
DA:1962,10
DA:1963,10
DA:1965,11
DA:1966,10
DA:1967,1
DA:1968,1
DA:1970,9
DA:1971,9
DA:1973,10
DA:1974,9
DA:1975,1
DA:1976,1
DA:1978,8
DA:1979,8
DA:1981,9
DA:1982,8
DA:1983,1
DA:1984,1
DA:1986,7
DA:1987,7
DA:1989,8
DA:1990,7
DA:1991,1
DA:1992,1
DA:1994,6
DA:1995,6
DA:1997,7
DA:1998,6
DA:1999,1
DA:2000,1
DA:2002,5
DA:2003,5
DA:2005,6
DA:2006,5
DA:2007,1
DA:2008,1
DA:2010,4
DA:2011,4
DA:2013,5
DA:2014,4
DA:2015,1
DA:2016,1
DA:2018,3
DA:2019,3
DA:2021,4
DA:2022,3
DA:2023,1
DA:2024,1
DA:2026,2
DA:2027,2
DA:2029,3
DA:2030,2
DA:2031,1
DA:2032,1
DA:2034,1
DA:2035,1
DA:2097,64
DA:2103,1783
DA:2104,1783
DA:2105,671
DA:2106,671
DA:2108,1112
DA:2109,1112
DA:2111,1783
DA:2112,1112
DA:2113,1112
DA:2114,2
DA:2115,2
DA:2117,1110
DA:2118,1110
DA:2120,1112
DA:2121,2
DA:2122,2
DA:2124,1112
DA:2126,1783
DA:2127,1783
DA:2128,1110
DA:2129,1110
DA:2132,1783
DA:2138,1110
DA:2139,1110
DA:2140,16
DA:2141,16
DA:2143,1094
DA:2144,1094
DA:2146,1110
DA:2147,1094
DA:2148,1094
DA:2149,2
DA:2150,2
DA:2152,1092
DA:2153,1092
DA:2155,1094
DA:2156,2
DA:2157,2
DA:2159,1094
DA:2161,1110
DA:2162,1110
DA:2163,1092
DA:2164,1092
DA:2167,1110
DA:2173,1092
DA:2174,1092
DA:2175,12
DA:2176,12
DA:2178,1080
DA:2179,1080
DA:2181,1092
DA:2182,1080
DA:2183,1080
DA:2184,2
DA:2185,2
DA:2187,1078
DA:2188,1078
DA:2190,1080
DA:2191,2
DA:2192,2
DA:2194,1080
DA:2196,1092
DA:2197,1092
DA:2198,1078
DA:2199,1078
DA:2202,1092
DA:2208,1078
DA:2209,1078
DA:2210,1
DA:2211,1
DA:2213,1077
DA:2214,1077
DA:2216,1078
DA:2217,1077
DA:2218,1077
DA:2219,2
DA:2220,2
DA:2222,1075
DA:2223,1075
DA:2225,1077
DA:2226,2
DA:2227,2
DA:2229,1077
DA:2231,1078
DA:2232,1078
DA:2233,1075
DA:2234,1075
DA:2237,1078
DA:2243,1075
DA:2244,1075
DA:2245,2
DA:2246,2
DA:2248,1073
DA:2249,1073
DA:2251,1075
DA:2252,1073
DA:2253,1073
DA:2254,2
DA:2255,2
DA:2257,1071
DA:2258,1071
DA:2260,1073
DA:2261,2
DA:2262,2
DA:2264,1073
DA:2266,1075
DA:2267,1075
DA:2268,1071
DA:2269,1071
DA:2272,1075
DA:2278,1071
DA:2279,1071
DA:2280,3
DA:2281,3
DA:2283,1068
DA:2284,1068
DA:2286,1071
DA:2287,1068
DA:2288,1068
DA:2289,2
DA:2290,2
DA:2292,1066
DA:2293,1066
DA:2295,1068
DA:2296,2
DA:2297,2
DA:2299,1068
DA:2301,1071
DA:2302,1071
DA:2303,1066
DA:2304,1066
DA:2307,1071
DA:2313,1066
DA:2314,1066
DA:2315,3
DA:2316,3
DA:2318,1063
DA:2319,1063
DA:2321,1066
DA:2322,1063
DA:2323,1063
DA:2324,2
DA:2325,2
DA:2327,1061
DA:2328,1061
DA:2330,1063
DA:2331,2
DA:2332,2
DA:2334,1063
DA:2336,1066
DA:2337,1066
DA:2338,1061
DA:2339,1061
DA:2342,1066
DA:2348,1061
DA:2349,1061
DA:2350,2
DA:2351,2
DA:2353,1059
DA:2354,1059
DA:2356,1061
DA:2357,1059
DA:2358,1059
DA:2359,2
DA:2360,2
DA:2362,1057
DA:2363,1057
DA:2365,1059
DA:2366,2
DA:2367,2
DA:2369,1059
DA:2371,1061
DA:2372,1061
DA:2373,1057
DA:2374,1057
DA:2377,1061
DA:2383,1057
DA:2384,1057
DA:2385,2
DA:2386,2
DA:2388,1055
DA:2389,1055
DA:2391,1057
DA:2392,1055
DA:2393,1055
DA:2394,2
DA:2395,2
DA:2397,1053
DA:2398,1053
DA:2400,1055
DA:2401,2
DA:2402,2
DA:2404,1055
DA:2406,1057
DA:2407,1057
DA:2408,1053
DA:2409,1053
DA:2412,1057
DA:2418,1807
DA:2419,1807
DA:2420,2
DA:2421,2
DA:2423,1805
DA:2424,1805
DA:2426,1807
DA:2427,1805
DA:2428,1805
DA:2429,2
DA:2430,2
DA:2432,1803
DA:2433,1803
DA:2435,1805
DA:2436,2
DA:2437,2
DA:2439,1805
DA:2441,1807
DA:2442,1807
DA:2443,1803
DA:2444,1803
DA:2447,1807
DA:2453,1803
DA:2454,1803
DA:2455,2
DA:2456,2
DA:2458,1801
DA:2459,1801
DA:2461,1803
DA:2462,1801
DA:2463,1801
DA:2464,2
DA:2465,2
DA:2467,1799
DA:2468,1799
DA:2470,1801
DA:2471,2
DA:2472,2
DA:2474,1801
DA:2476,1803
DA:2477,1803
DA:2478,1799
DA:2479,1799
DA:2482,1803
DA:2488,1799
DA:2489,1799
DA:2490,2
DA:2491,2
DA:2493,1797
DA:2494,1797
DA:2496,1799
DA:2497,1797
DA:2498,1797
DA:2499,2
DA:2500,2
DA:2502,1795
DA:2503,1795
DA:2505,1797
DA:2506,2
DA:2507,2
DA:2509,1797
DA:2511,1799
DA:2512,1799
DA:2513,1795
DA:2514,1795
DA:2517,1799
DA:2523,1795
DA:2524,1795
DA:2525,2
DA:2526,2
DA:2528,1793
DA:2529,1793
DA:2531,1795
DA:2532,1793
DA:2533,1793
DA:2534,2
DA:2535,2
DA:2537,1791
DA:2538,1791
DA:2540,1793
DA:2541,2
DA:2542,2
DA:2544,1793
DA:2546,1795
DA:2547,1795
DA:2548,1791
DA:2549,1791
DA:2552,1795
DA:2558,1791
DA:2559,1791
DA:2560,2
DA:2561,2
DA:2563,1789
DA:2564,1789
DA:2566,1791
DA:2567,1789
DA:2568,1789
DA:2569,2
DA:2570,2
DA:2572,1787
DA:2573,1787
DA:2575,1789
DA:2576,2
DA:2577,2
DA:2579,1789
DA:2581,1791
DA:2582,1791
DA:2583,1787
DA:2584,1787
DA:2587,1791
DA:2593,1787
DA:2594,1787
DA:2595,2
DA:2596,2
DA:2598,1785
DA:2599,1785
DA:2601,1787
DA:2602,1785
DA:2603,1785
DA:2604,2
DA:2605,2
DA:2607,1783
DA:2608,1783
DA:2610,1785
DA:2611,2
DA:2612,2
DA:2614,1785
DA:2616,1787
DA:2617,1787
DA:2618,1783
DA:2619,1783
DA:2622,1787
DA:2628,1783
DA:2629,1783
DA:2630,1783
DA:2631,1110
DA:2632,1110
DA:2633,1092
DA:2636,1783
DA:2637,1783
DA:2639,1078
DA:2642,1783
DA:2648,1078
DA:2649,1078
DA:2650,1078
DA:2651,1075
DA:2652,1075
DA:2653,1071
DA:2656,1078
DA:2657,1078
DA:2659,1066
DA:2662,1078
DA:2668,1066
DA:2669,1066
DA:2670,1066
DA:2671,1061
DA:2672,1061
DA:2673,1057
DA:2676,1066
DA:2677,1066
DA:2679,1053
DA:2682,1066
DA:2688,1807
DA:2689,1807
DA:2690,1807
DA:2691,1803
DA:2692,1803
DA:2693,1799
DA:2694,1799
DA:2695,1795
DA:2696,1795
DA:2697,1791
DA:2698,1791
DA:2699,1787
DA:2705,1807
DA:2706,1807
DA:2708,1783
DA:2711,1807
DA:2717,1807
DA:2718,1807
DA:2719,1807
DA:2720,1783
DA:2721,1783
DA:2722,1078
DA:2723,1078
DA:2724,1066
DA:2728,1807
DA:2729,1807
DA:2731,1053
DA:2734,1807
DA:2740,0
DA:2741,0
DA:2742,0
DA:2744,0
DA:2745,0
DA:2748,0
DA:2754,85
DA:2755,85
DA:2756,16
DA:2757,16
DA:2758,16
DA:2759,0
DA:2760,0
DA:2761,0
DA:2763,0
DA:2764,0
DA:2766,0
DA:2767,0
DA:2768,0
DA:2769,0
DA:2771,0
DA:2772,0
DA:2774,0
DA:2775,0
DA:2776,0
DA:2777,0
DA:2779,0
DA:2780,0
DA:2782,0
DA:2783,0
DA:2784,0
DA:2785,0
DA:2786,0
DA:2788,0
DA:2789,0
DA:2791,0
DA:2792,0
DA:2793,0
DA:2795,0
DA:2796,0
DA:2797,0
DA:2798,0
DA:2799,0
DA:2800,0
DA:2802,0
DA:2803,0
DA:2805,0
DA:2806,0
DA:2807,0
DA:2809,0
DA:2810,0
DA:2811,0
DA:2812,0
DA:2813,0
DA:2814,0
DA:2816,0
DA:2817,0
DA:2819,0
DA:2820,0
DA:2821,0
DA:2823,0
DA:2824,0
DA:2825,0
DA:2826,0
DA:2827,0
DA:2828,0
DA:2830,0
DA:2831,0
DA:2833,0
DA:2834,0
DA:2835,0
DA:2837,0
DA:2838,0
DA:2839,0
DA:2840,0
DA:2841,0
DA:2842,0
DA:2844,0
DA:2845,0
DA:2847,0
DA:2848,0
DA:2849,0
DA:2851,0
DA:2852,0
DA:2853,0
DA:2854,0
DA:2855,0
DA:2856,0
DA:2858,0
DA:2859,0
DA:2861,0
DA:2862,0
DA:2863,0
DA:2865,0
DA:2866,0
DA:2867,0
DA:2868,0
DA:2869,0
DA:2870,0
DA:2872,0
DA:2873,0
DA:2875,0
DA:2876,0
DA:2877,0
DA:2878,0
DA:2879,0
DA:2880,0
DA:2881,0
DA:2882,0
DA:2883,0
DA:2884,0
DA:2885,0
DA:2886,0
DA:2887,0
DA:2889,0
DA:2890,0
DA:2893,0
DA:2894,0
DA:2897,0
DA:2898,0
DA:2901,0
DA:2902,0
DA:2904,0
DA:2905,0
DA:2907,0
DA:2909,0
DA:2910,0
DA:2911,0
DA:2912,0
DA:2914,0
DA:2915,0
DA:2918,0
DA:2919,0
DA:2930,0
DA:2931,0
DA:2932,0
DA:2933,0
DA:2935,0
DA:2936,0
DA:2939,16
DA:2940,16
DA:2944,85
DA:2950,24
DA:2951,0
DA:2952,0
DA:2954,24
DA:2955,24
DA:2958,24
DA:2964,1225
DA:2965,32
DA:2966,32
DA:2968,1193
DA:2969,1193
DA:2972,1225
DA:2978,85
DA:2979,69
DA:2980,69
DA:2982,16
DA:2983,16
DA:2986,85
DA:2992,34
DA:2993,34
DA:2994,8
DA:2995,8
DA:2996,8
DA:2997,0
DA:2998,0
DA:2999,0
DA:3001,0
DA:3002,0
DA:3004,0
DA:3005,0
DA:3006,0
DA:3007,0
DA:3009,0
DA:3010,0
DA:3012,0
DA:3013,0
DA:3014,0
DA:3015,0
DA:3017,0
DA:3018,0
DA:3020,0
DA:3021,0
DA:3022,0
DA:3023,0
DA:3024,0
DA:3026,0
DA:3027,0
DA:3029,0
DA:3030,0
DA:3031,0
DA:3033,0
DA:3034,0
DA:3035,0
DA:3036,0
DA:3037,0
DA:3038,0
DA:3040,0
DA:3041,0
DA:3043,0
DA:3044,0
DA:3045,0
DA:3047,0
DA:3048,0
DA:3049,0
DA:3050,0
DA:3051,0
DA:3052,0
DA:3054,0
DA:3055,0
DA:3057,0
DA:3058,0
DA:3059,0
DA:3061,0
DA:3062,0
DA:3063,0
DA:3064,0
DA:3065,0
DA:3066,0
DA:3068,0
DA:3069,0
DA:3071,0
DA:3072,0
DA:3073,0
DA:3075,0
DA:3076,0
DA:3077,0
DA:3078,0
DA:3079,0
DA:3080,0
DA:3082,0
DA:3083,0
DA:3085,0
DA:3086,0
DA:3087,0
DA:3089,0
DA:3090,0
DA:3091,0
DA:3092,0
DA:3093,0
DA:3094,0
DA:3096,0
DA:3097,0
DA:3099,0
DA:3100,0
DA:3101,0
DA:3103,0
DA:3104,0
DA:3105,0
DA:3106,0
DA:3107,0
DA:3108,0
DA:3110,0
DA:3111,0
DA:3113,0
DA:3114,0
DA:3115,0
DA:3116,0
DA:3117,0
DA:3118,0
DA:3119,0
DA:3120,0
DA:3121,0
DA:3122,0
DA:3123,0
DA:3124,0
DA:3125,0
DA:3127,0
DA:3128,0
DA:3131,0
DA:3132,0
DA:3135,0
DA:3136,0
DA:3139,0
DA:3140,0
DA:3142,0
DA:3143,0
DA:3145,0
DA:3147,0
DA:3148,0
DA:3149,0
DA:3150,0
DA:3152,0
DA:3153,0
DA:3156,0
DA:3157,0
DA:3168,0
DA:3169,0
DA:3170,0
DA:3171,0
DA:3173,0
DA:3174,0
DA:3177,8
DA:3178,8
DA:3182,34
DA:3188,2569
DA:3189,16
DA:3190,16
DA:3192,2553
DA:3193,2553
DA:3196,2569
DA:3202,34
DA:3203,26
DA:3204,26
DA:3206,8
DA:3207,8
DA:3210,34
DA:3216,2561
DA:3217,2561
DA:3218,2561
DA:3219,2561
DA:3220,8
DA:3221,8
DA:3222,8
DA:3223,26
DA:3224,26
DA:3226,8
DA:3227,8
DA:3228,8
DA:3229,8
DA:3230,8
DA:3231,8
DA:3233,0
DA:3234,0
DA:3237,0
DA:3238,0
DA:3241,2553
DA:3242,2553
DA:3244,2561
DA:3245,2561
DA:3246,2553
DA:3247,2553
DA:3250,2561
DA:3256,78
DA:3257,11
DA:3258,11
DA:3260,67
DA:3261,67
DA:3264,78
DA:3299,118
DA:3300,34
DA:3301,34
DA:3303,84
DA:3304,84
DA:3306,118
DA:3307,84
DA:3308,84
DA:3309,84
DA:3310,84
DA:3312,0
DA:3313,0
DA:3315,84
DA:3316,84
DA:3317,84
DA:3318,84
DA:3319,84
DA:3321,0
DA:3322,0
DA:3325,0
DA:3326,0
DA:3330,118
DA:3336,35937
DA:3337,35937
DA:3338,35937
DA:3339,34
DA:3340,34
DA:3342,35903
DA:3343,35903
DA:3345,35937
DA:3346,34
DA:3347,34
DA:3348,34
DA:3349,34
DA:3351,0
DA:3352,0
DA:3355,35903
DA:3356,35903
DA:3358,35937
DA:3359,35937
DA:3360,35903
DA:3361,35903
DA:3364,35937
DA:3370,67
DA:3371,67
DA:3372,67
DA:3373,62
DA:3374,62
DA:3376,5
DA:3377,5
DA:3379,67
DA:3380,67
DA:3381,5
DA:3383,62
DA:3384,62
DA:3387,67
DA:3393,78
DA:3394,78
DA:3395,67
DA:3396,67
DA:3397,62
DA:3398,62
DA:3399,62
DA:3400,62
DA:3402,0
DA:3403,0
DA:3405,62
DA:3406,62
DA:3407,62
DA:3408,62
DA:3409,62
DA:3411,0
DA:3412,0
DA:3415,0
DA:3416,0
DA:3421,78
DA:3427,35903
DA:3428,35903
DA:3429,35903
DA:3430,16
DA:3431,16
DA:3433,35887
DA:3434,35887
DA:3436,35903
DA:3437,16
DA:3438,16
DA:3439,16
DA:3440,16
DA:3442,0
DA:3443,0
DA:3446,35887
DA:3447,35887
DA:3449,35903
DA:3450,35903
DA:3451,35887
DA:3452,35887
DA:3455,35903
DA:3461,35937
DA:3462,35937
DA:3463,35937
DA:3464,35937
DA:3465,34
DA:3466,34
DA:3467,15
DA:3469,34
DA:3470,34
DA:3471,34
DA:3473,0
DA:3474,0
DA:3477,35903
DA:3478,35903
DA:3480,35937
DA:3481,35903
DA:3482,35903
DA:3483,35903
DA:3484,16
DA:3485,16
DA:3486,16
DA:3488,16
DA:3489,16
DA:3490,16
DA:3492,0
DA:3493,0
DA:3496,35887
DA:3497,35887
DA:3499,35903
DA:3500,35887
DA:3501,35887
DA:3502,35887
DA:3503,3659
DA:3504,3659
DA:3506,32228
DA:3507,32228
DA:3509,35887
DA:3510,3659
DA:3511,4035
DA:3512,4035
DA:3513,376
DA:3514,376
DA:3516,3659
DA:3517,3659
DA:3521,32228
DA:3523,35887
DA:3524,3659
DA:3525,3659
DA:3526,3635
DA:3528,3659
DA:3529,3659
DA:3530,3659
DA:3532,0
DA:3533,0
DA:3536,32228
DA:3537,32228
DA:3541,35937
DA:3542,35937
DA:3543,32228
DA:3544,32228
DA:3547,35937
DA:3553,1209
DA:3554,1209
DA:3555,1209
DA:3556,1209
DA:3557,16
DA:3558,16
DA:3559,16
DA:3560,69
DA:3561,69
DA:3563,16
DA:3564,16
DA:3565,16
DA:3566,16
DA:3567,16
DA:3568,16
DA:3570,0
DA:3571,0
DA:3574,0
DA:3575,0
DA:3578,1193
DA:3579,1193
DA:3581,1209
DA:3582,1209
DA:3583,1193
DA:3584,1193
DA:3587,1209
DA:3593,3861
DA:3594,2652
DA:3595,2652
DA:3597,1209
DA:3598,1209
DA:3601,3861
DA:3607,15233
DA:3608,12581
DA:3609,12581
DA:3611,2652
DA:3612,2652
DA:3615,15233
DA:3621,3861
DA:3622,3861
DA:3623,3861
DA:3624,3861
DA:3625,2652
DA:3626,2652
DA:3627,2652
DA:3628,12581
DA:3629,12581
DA:3631,2652
DA:3632,2652
DA:3633,2652
DA:3634,2652
DA:3636,0
DA:3637,0
DA:3640,1209
DA:3641,1209
DA:3643,3861
DA:3644,3861
DA:3645,1209
DA:3646,1209
DA:3649,3861
DA:3655,3861
DA:3656,3861
DA:3657,3861
DA:3658,1209
DA:3660,3861
DA:3661,3861
DA:3663,1193
DA:3666,3861
DA:3672,5167
DA:3673,35
DA:3674,35
DA:3676,5132
DA:3677,5132
DA:3679,5167
DA:3680,5132
DA:3681,5132
DA:3682,5132
DA:3683,34
DA:3684,34
DA:3685,34
DA:3686,14
DA:3687,14
DA:3689,34
DA:3690,34
DA:3691,34
DA:3693,0
DA:3694,0
DA:3697,5098
DA:3698,5098
DA:3702,5167
DA:3708,78
DA:3709,19
DA:3710,19
DA:3712,59
DA:3713,59
DA:3716,78
DA:3722,5156
DA:3723,54
DA:3724,54
DA:3726,5102
DA:3727,5102
DA:3730,5156
DA:3736,2561
DA:3737,2561
DA:3738,2561
DA:3739,2561
DA:3740,13
DA:3741,5
DA:3742,5
DA:3744,8
DA:3745,8
DA:3747,13
DA:3748,5
DA:3749,5
DA:3750,5
DA:3751,5
DA:3752,5
DA:3754,5
DA:3755,5
DA:3756,5
DA:3757,5
DA:3759,5
DA:3760,5
DA:3761,5
DA:3762,5
DA:3764,0
DA:3765,0
DA:3768,0
DA:3769,0
DA:3772,8
DA:3773,8
DA:3776,2548
DA:3777,2548
DA:3779,2561
DA:3780,2556
DA:3781,2556
DA:3782,2556
DA:3783,8
DA:3784,8
DA:3785,8
DA:3787,8
DA:3788,8
DA:3789,8
DA:3790,8
DA:3792,0
DA:3793,0
DA:3796,2548
DA:3797,2548
DA:3800,2561
DA:3801,2561
DA:3802,2548
DA:3803,2548
DA:3806,2561
DA:3812,18
DA:3813,18
DA:3814,18
DA:3815,16
DA:3816,16
DA:3817,16
DA:3819,0
DA:3820,0
DA:3822,16
DA:3823,16
DA:3824,16
DA:3825,16
DA:3826,16
DA:3827,16
DA:3829,0
DA:3830,0
DA:3832,16
DA:3833,16
DA:3834,16
DA:3835,16
DA:3836,16
DA:3837,16
DA:3839,0
DA:3840,0
DA:3843,0
DA:3844,0
DA:3847,0
DA:3848,0
DA:3851,0
DA:3852,0
DA:3855,2
DA:3856,2
DA:3859,18
DA:3974,4
DA:3975,3
DA:3976,3
DA:3978,1
DA:3979,1
DA:3981,4
DA:3982,1
DA:3983,0
DA:3984,0
DA:3986,1
DA:3987,1
DA:3991,4
DA:3997,4
DA:3998,4
DA:3999,4
DA:4000,3
DA:4001,3
DA:4002,3
DA:4003,3
DA:4005,0
DA:4006,0
DA:4008,3
DA:4009,3
DA:4010,33
DA:4011,33
DA:4012,30
DA:4013,30
DA:4015,3
DA:4016,3
DA:4020,0
DA:4022,3
DA:4023,3
DA:4024,3
DA:4025,3
DA:4027,0
DA:4028,0
DA:4031,1
DA:4032,1
DA:4035,4
DA:4041,312
DA:4042,312
DA:4043,1
DA:4044,1
DA:4046,311
DA:4047,311
DA:4049,312
DA:4050,1
DA:4051,1
DA:4053,312
DA:4054,312
DA:4055,311
DA:4056,311
DA:4057,1
DA:4058,1
DA:4060,310
DA:4061,310
DA:4063,311
DA:4064,1
DA:4065,1
DA:4067,311
DA:4068,311
DA:4069,310
DA:4070,310
DA:4071,1
DA:4072,1
DA:4074,309
DA:4075,309
DA:4077,310
DA:4078,1
DA:4079,1
DA:4081,310
DA:4082,310
DA:4083,309
DA:4084,309
DA:4085,1
DA:4086,1
DA:4088,308
DA:4089,308
DA:4091,309
DA:4092,1
DA:4093,1
DA:4095,309
DA:4096,309
DA:4097,308
DA:4098,308
DA:4099,1
DA:4100,1
DA:4102,307
DA:4103,307
DA:4105,308
DA:4106,1
DA:4107,1
DA:4109,308
DA:4110,308
DA:4111,307
DA:4112,307
DA:4113,1
DA:4114,1
DA:4116,306
DA:4117,306
DA:4119,307
DA:4120,1
DA:4121,1
DA:4123,307
DA:4124,307
DA:4125,306
DA:4126,306
DA:4127,1
DA:4128,1
DA:4130,305
DA:4131,305
DA:4133,306
DA:4134,1
DA:4135,1
DA:4137,306
DA:4138,306
DA:4139,305
DA:4140,305
DA:4141,1
DA:4142,1
DA:4144,304
DA:4145,304
DA:4147,305
DA:4148,1
DA:4149,1
DA:4151,305
DA:4152,305
DA:4153,304
DA:4154,304
DA:4155,1
DA:4156,1
DA:4158,303
DA:4159,303
DA:4161,304
DA:4162,1
DA:4163,1
DA:4165,304
DA:4166,304
DA:4167,303
DA:4168,303
DA:4169,1
DA:4170,1
DA:4172,302
DA:4173,302
DA:4175,303
DA:4176,1
DA:4177,1
DA:4179,303
DA:4180,303
DA:4181,302
DA:4182,302
DA:4183,1
DA:4184,1
DA:4186,301
DA:4187,301
DA:4189,302
DA:4190,1
DA:4191,1
DA:4193,302
DA:4194,302
DA:4195,301
DA:4196,301
DA:4197,1
DA:4198,1
DA:4200,300
DA:4201,300
DA:4203,301
DA:4204,1
DA:4205,1
DA:4207,301
DA:4208,301
DA:4209,300
DA:4210,300
DA:4211,1
DA:4212,1
DA:4214,299
DA:4215,299
DA:4217,300
DA:4218,1
DA:4219,1
DA:4221,300
DA:4222,300
DA:4223,299
DA:4224,299
DA:4225,1
DA:4226,1
DA:4228,298
DA:4229,298
DA:4231,299
DA:4232,1
DA:4233,1
DA:4235,299
DA:4236,299
DA:4237,298
DA:4238,298
DA:4239,1
DA:4240,1
DA:4242,297
DA:4243,297
DA:4245,298
DA:4246,1
DA:4247,1
DA:4249,298
DA:4250,298
DA:4251,297
DA:4252,297
DA:4253,1
DA:4254,1
DA:4256,296
DA:4257,296
DA:4259,297
DA:4260,1
DA:4261,1
DA:4263,297
DA:4264,297
DA:4265,296
DA:4266,296
DA:4267,1
DA:4268,1
DA:4270,295
DA:4271,295
DA:4273,296
DA:4274,1
DA:4275,1
DA:4277,296
DA:4278,296
DA:4279,295
DA:4280,295
DA:4281,1
DA:4282,1
DA:4284,294
DA:4285,294
DA:4287,295
DA:4288,1
DA:4289,1
DA:4291,295
DA:4292,295
DA:4293,294
DA:4294,294
DA:4295,1
DA:4296,1
DA:4298,293
DA:4299,293
DA:4301,294
DA:4302,1
DA:4303,1
DA:4305,294
DA:4306,294
DA:4307,293
DA:4308,293
DA:4309,1
DA:4310,1
DA:4312,292
DA:4313,292
DA:4315,293
DA:4316,1
DA:4317,1
DA:4319,293
DA:4320,293
DA:4321,292
DA:4322,292
DA:4323,1
DA:4324,1
DA:4326,291
DA:4327,291
DA:4329,292
DA:4330,1
DA:4331,1
DA:4333,292
DA:4334,292
DA:4335,291
DA:4336,291
DA:4337,1
DA:4338,1
DA:4340,290
DA:4341,290
DA:4343,291
DA:4344,1
DA:4345,1
DA:4347,291
DA:4348,291
DA:4349,290
DA:4350,290
DA:4351,1
DA:4352,1
DA:4354,289
DA:4355,289
DA:4357,290
DA:4358,1
DA:4359,1
DA:4361,290
DA:4362,290
DA:4363,289
DA:4364,289
DA:4365,1
DA:4366,1
DA:4368,288
DA:4369,288
DA:4371,289
DA:4372,1
DA:4373,1
DA:4375,289
DA:4376,289
DA:4377,288
DA:4378,288
DA:4379,1
DA:4380,1
DA:4382,287
DA:4383,287
DA:4385,288
DA:4386,1
DA:4387,1
DA:4389,288
DA:4390,288
DA:4391,287
DA:4392,287
DA:4393,1
DA:4394,1
DA:4396,286
DA:4397,286
DA:4399,287
DA:4400,1
DA:4401,1
DA:4403,287
DA:4404,287
DA:4405,286
DA:4406,286
DA:4407,1
DA:4408,1
DA:4410,285
DA:4411,285
DA:4413,286
DA:4414,1
DA:4415,1
DA:4417,286
DA:4418,286
DA:4419,285
DA:4420,285
DA:4421,1
DA:4422,1
DA:4424,284
DA:4425,284
DA:4427,285
DA:4428,1
DA:4429,1
DA:4431,285
DA:4432,285
DA:4433,284
DA:4434,284
DA:4435,1
DA:4436,1
DA:4438,283
DA:4439,283
DA:4441,284
DA:4442,1
DA:4443,1
DA:4445,284
DA:4446,284
DA:4447,283
DA:4448,283
DA:4449,1
DA:4450,1
DA:4452,282
DA:4453,282
DA:4455,283
DA:4456,1
DA:4457,1
DA:4459,283
DA:4460,283
DA:4461,282
DA:4462,282
DA:4463,1
DA:4464,1
DA:4466,281
DA:4467,281
DA:4469,282
DA:4470,1
DA:4471,1
DA:4473,282
DA:4474,282
DA:4475,281
DA:4476,281
DA:4477,1
DA:4478,1
DA:4480,280
DA:4481,280
DA:4483,281
DA:4484,1
DA:4485,1
DA:4487,281
DA:4488,281
DA:4489,280
DA:4490,280
DA:4491,1
DA:4492,1
DA:4494,279
DA:4495,279
DA:4497,280
DA:4498,1
DA:4499,1
DA:4501,280
DA:4502,280
DA:4503,279
DA:4504,279
DA:4505,1
DA:4506,1
DA:4508,278
DA:4509,278
DA:4511,279
DA:4512,1
DA:4513,1
DA:4515,279
DA:4516,279
DA:4517,278
DA:4518,278
DA:4519,1
DA:4520,1
DA:4522,277
DA:4523,277
DA:4525,278
DA:4526,1
DA:4527,1
DA:4529,278
DA:4530,278
DA:4531,277
DA:4532,277
DA:4533,1
DA:4534,1
DA:4536,276
DA:4537,276
DA:4539,277
DA:4540,1
DA:4541,1
DA:4543,277
DA:4544,277
DA:4545,276
DA:4546,276
DA:4547,1
DA:4548,1
DA:4550,275
DA:4551,275
DA:4553,276
DA:4554,1
DA:4555,1
DA:4557,276
DA:4558,276
DA:4559,275
DA:4560,275
DA:4561,1
DA:4562,1
DA:4564,274
DA:4565,274
DA:4567,275
DA:4568,1
DA:4569,1
DA:4571,275
DA:4572,275
DA:4573,274
DA:4574,274
DA:4575,1
DA:4576,1
DA:4578,273
DA:4579,273
DA:4581,274
DA:4582,1
DA:4583,1
DA:4585,274
DA:4586,274
DA:4587,273
DA:4588,273
DA:4589,1
DA:4590,1
DA:4592,272
DA:4593,272
DA:4595,273
DA:4596,1
DA:4597,1
DA:4599,273
DA:4600,273
DA:4601,272
DA:4602,272
DA:4603,1
DA:4604,1
DA:4606,271
DA:4607,271
DA:4609,272
DA:4610,1
DA:4611,1
DA:4613,272
DA:4614,272
DA:4615,271
DA:4616,271
DA:4617,1
DA:4618,1
DA:4620,270
DA:4621,270
DA:4623,271
DA:4624,1
DA:4625,1
DA:4627,271
DA:4628,271
DA:4629,270
DA:4630,270
DA:4631,1
DA:4632,1
DA:4634,269
DA:4635,269
DA:4637,270
DA:4638,1
DA:4639,1
DA:4641,270
DA:4642,270
DA:4643,269
DA:4644,269
DA:4645,1
DA:4646,1
DA:4648,268
DA:4649,268
DA:4651,269
DA:4652,1
DA:4653,1
DA:4655,269
DA:4656,269
DA:4657,268
DA:4658,268
DA:4659,1
DA:4660,1
DA:4662,267
DA:4663,267
DA:4665,268
DA:4666,1
DA:4667,1
DA:4669,268
DA:4670,268
DA:4671,267
DA:4672,267
DA:4673,1
DA:4674,1
DA:4676,266
DA:4677,266
DA:4679,267
DA:4680,1
DA:4681,1
DA:4683,267
DA:4684,267
DA:4685,266
DA:4686,266
DA:4687,1
DA:4688,1
DA:4690,265
DA:4691,265
DA:4693,266
DA:4694,1
DA:4695,1
DA:4697,266
DA:4698,266
DA:4699,265
DA:4700,265
DA:4701,1
DA:4702,1
DA:4704,264
DA:4705,264
DA:4707,265
DA:4708,1
DA:4709,1
DA:4711,265
DA:4712,265
DA:4713,264
DA:4714,264
DA:4715,1
DA:4716,1
DA:4718,263
DA:4719,263
DA:4721,264
DA:4722,1
DA:4723,1
DA:4725,264
DA:4726,264
DA:4727,263
DA:4728,263
DA:4729,1
DA:4730,1
DA:4732,262
DA:4733,262
DA:4735,263
DA:4736,1
DA:4737,1
DA:4739,263
DA:4740,263
DA:4741,262
DA:4742,262
DA:4743,1
DA:4744,1
DA:4746,261
DA:4747,261
DA:4749,262
DA:4750,1
DA:4751,1
DA:4753,262
DA:4754,262
DA:4755,261
DA:4756,261
DA:4757,1
DA:4758,1
DA:4760,260
DA:4761,260
DA:4763,261
DA:4764,1
DA:4765,1
DA:4767,261
DA:4768,261
DA:4769,260
DA:4770,260
DA:4771,1
DA:4772,1
DA:4774,259
DA:4775,259
DA:4777,260
DA:4778,1
DA:4779,1
DA:4781,260
DA:4782,260
DA:4783,259
DA:4784,259
DA:4785,1
DA:4786,1
DA:4788,258
DA:4789,258
DA:4791,259
DA:4792,1
DA:4793,1
DA:4795,259
DA:4796,259
DA:4797,258
DA:4798,258
DA:4799,1
DA:4800,1
DA:4802,257
DA:4803,257
DA:4805,258
DA:4806,1
DA:4807,1
DA:4809,258
DA:4810,258
DA:4811,257
DA:4812,257
DA:4813,1
DA:4814,1
DA:4816,256
DA:4817,256
DA:4819,257
DA:4820,1
DA:4821,1
DA:4823,257
DA:4824,257
DA:4825,256
DA:4826,256
DA:4827,1
DA:4828,1
DA:4830,255
DA:4831,255
DA:4833,256
DA:4834,1
DA:4835,1
DA:4837,256
DA:4838,256
DA:4839,255
DA:4840,255
DA:4841,1
DA:4842,1
DA:4844,254
DA:4845,254
DA:4847,255
DA:4848,1
DA:4849,1
DA:4851,255
DA:4852,255
DA:4853,254
DA:4854,254
DA:4855,1
DA:4856,1
DA:4858,253
DA:4859,253
DA:4861,254
DA:4862,1
DA:4863,1
DA:4865,254
DA:4866,254
DA:4867,253
DA:4868,253
DA:4869,1
DA:4870,1
DA:4872,252
DA:4873,252
DA:4875,253
DA:4876,1
DA:4877,1
DA:4879,253
DA:4880,253
DA:4881,252
DA:4882,252
DA:4883,1
DA:4884,1
DA:4886,251
DA:4887,251
DA:4889,252
DA:4890,1
DA:4891,1
DA:4893,252
DA:4894,252
DA:4895,251
DA:4896,251
DA:4897,1
DA:4898,1
DA:4900,250
DA:4901,250
DA:4903,251
DA:4904,1
DA:4905,1
DA:4907,251
DA:4908,251
DA:4909,250
DA:4910,250
DA:4911,1
DA:4912,1
DA:4914,249
DA:4915,249
DA:4917,250
DA:4918,1
DA:4919,1
DA:4921,250
DA:4922,250
DA:4923,249
DA:4924,249
DA:4925,1
DA:4926,1
DA:4928,248
DA:4929,248
DA:4931,249
DA:4932,1
DA:4933,1
DA:4935,249
DA:4936,249
DA:4937,248
DA:4938,248
DA:4939,1
DA:4940,1
DA:4942,247
DA:4943,247
DA:4945,248
DA:4946,1
DA:4947,1
DA:4949,248
DA:4950,248
DA:4951,247
DA:4952,247
DA:4953,1
DA:4954,1
DA:4956,246
DA:4957,246
DA:4959,247
DA:4960,1
DA:4961,1
DA:4963,247
DA:4964,247
DA:4965,246
DA:4966,246
DA:4967,1
DA:4968,1
DA:4970,245
DA:4971,245
DA:4973,246
DA:4974,1
DA:4975,1
DA:4977,246
DA:4978,246
DA:4979,245
DA:4980,245
DA:4981,1
DA:4982,1
DA:4984,244
DA:4985,244
DA:4987,245
DA:4988,1
DA:4989,1
DA:4991,245
DA:4992,245
DA:4993,244
DA:4994,244
DA:4995,1
DA:4996,1
DA:4998,243
DA:4999,243
DA:5001,244
DA:5002,1
DA:5003,1
DA:5005,244
DA:5006,244
DA:5007,243
DA:5008,243
DA:5009,1
DA:5010,1
DA:5012,242
DA:5013,242
DA:5015,243
DA:5016,1
DA:5017,1
DA:5019,243
DA:5020,243
DA:5021,242
DA:5022,242
DA:5023,1
DA:5024,1
DA:5026,241
DA:5027,241
DA:5029,242
DA:5030,1
DA:5031,1
DA:5033,242
DA:5034,242
DA:5035,241
DA:5036,241
DA:5037,1
DA:5038,1
DA:5040,240
DA:5041,240
DA:5043,241
DA:5044,1
DA:5045,1
DA:5047,241
DA:5048,241
DA:5049,240
DA:5050,240
DA:5051,1
DA:5052,1
DA:5054,239
DA:5055,239
DA:5057,240
DA:5058,1
DA:5059,1
DA:5061,240
DA:5062,240
DA:5063,239
DA:5064,239
DA:5065,1
DA:5066,1
DA:5068,238
DA:5069,238
DA:5071,239
DA:5072,1
DA:5073,1
DA:5075,239
DA:5076,239
DA:5077,238
DA:5078,238
DA:5079,1
DA:5080,1
DA:5082,237
DA:5083,237
DA:5085,238
DA:5086,1
DA:5087,1
DA:5089,238
DA:5090,238
DA:5091,237
DA:5092,237
DA:5093,1
DA:5094,1
DA:5096,236
DA:5097,236
DA:5099,237
DA:5100,1
DA:5101,1
DA:5103,237
DA:5104,237
DA:5105,236
DA:5106,236
DA:5107,1
DA:5108,1
DA:5110,235
DA:5111,235
DA:5113,236
DA:5114,1
DA:5115,1
DA:5117,236
DA:5118,236
DA:5119,235
DA:5120,235
DA:5121,1
DA:5122,1
DA:5124,234
DA:5125,234
DA:5127,235
DA:5128,1
DA:5129,1
DA:5131,235
DA:5132,235
DA:5133,234
DA:5134,234
DA:5135,1
DA:5136,1
DA:5138,233
DA:5139,233
DA:5141,234
DA:5142,1
DA:5143,1
DA:5145,234
DA:5146,234
DA:5147,233
DA:5148,233
DA:5149,1
DA:5150,1
DA:5152,232
DA:5153,232
DA:5155,233
DA:5156,1
DA:5157,1
DA:5159,233
DA:5160,233
DA:5161,232
DA:5162,232
DA:5163,1
DA:5164,1
DA:5166,231
DA:5167,231
DA:5169,232
DA:5170,1
DA:5171,1
DA:5173,232
DA:5174,232
DA:5175,231
DA:5176,231
DA:5177,1
DA:5178,1
DA:5180,230
DA:5181,230
DA:5183,231
DA:5184,1
DA:5185,1
DA:5187,231
DA:5188,231
DA:5189,230
DA:5190,230
DA:5191,1
DA:5192,1
DA:5194,229
DA:5195,229
DA:5197,230
DA:5198,1
DA:5199,1
DA:5201,230
DA:5202,230
DA:5203,229
DA:5204,229
DA:5205,1
DA:5206,1
DA:5208,228
DA:5209,228
DA:5211,229
DA:5212,1
DA:5213,1
DA:5215,229
DA:5216,229
DA:5217,228
DA:5218,228
DA:5219,1
DA:5220,1
DA:5222,227
DA:5223,227
DA:5225,228
DA:5226,1
DA:5227,1
DA:5229,228
DA:5230,228
DA:5231,227
DA:5232,227
DA:5233,1
DA:5234,1
DA:5236,226
DA:5237,226
DA:5239,227
DA:5240,1
DA:5241,1
DA:5243,227
DA:5244,227
DA:5245,226
DA:5246,226
DA:5247,1
DA:5248,1
DA:5250,225
DA:5251,225
DA:5253,226
DA:5254,1
DA:5255,1
DA:5257,226
DA:5258,226
DA:5259,225
DA:5260,225
DA:5261,1
DA:5262,1
DA:5264,224
DA:5265,224
DA:5267,225
DA:5268,1
DA:5269,1
DA:5271,225
DA:5272,225
DA:5273,224
DA:5274,224
DA:5275,1
DA:5276,1
DA:5278,223
DA:5279,223
DA:5281,224
DA:5282,1
DA:5283,1
DA:5285,224
DA:5286,224
DA:5287,223
DA:5288,223
DA:5289,1
DA:5290,1
DA:5292,222
DA:5293,222
DA:5295,223
DA:5296,1
DA:5297,1
DA:5299,223
DA:5300,223
DA:5301,222
DA:5302,222
DA:5303,1
DA:5304,1
DA:5306,221
DA:5307,221
DA:5309,222
DA:5310,1
DA:5311,1
DA:5313,222
DA:5314,222
DA:5315,221
DA:5316,221
DA:5317,1
DA:5318,1
DA:5320,220
DA:5321,220
DA:5323,221
DA:5324,1
DA:5325,1
DA:5327,221
DA:5328,221
DA:5329,220
DA:5330,220
DA:5331,1
DA:5332,1
DA:5334,219
DA:5335,219
DA:5337,220
DA:5338,1
DA:5339,1
DA:5341,220
DA:5342,220
DA:5343,219
DA:5344,219
DA:5345,1
DA:5346,1
DA:5348,218
DA:5349,218
DA:5351,219
DA:5352,1
DA:5353,1
DA:5355,219
DA:5356,219
DA:5357,218
DA:5358,218
DA:5359,1
DA:5360,1
DA:5362,217
DA:5363,217
DA:5365,218
DA:5366,1
DA:5367,1
DA:5369,218
DA:5370,218
DA:5371,217
DA:5372,217
DA:5373,1
DA:5374,1
DA:5376,216
DA:5377,216
DA:5379,217
DA:5380,1
DA:5381,1
DA:5383,217
DA:5384,217
DA:5385,216
DA:5386,216
DA:5387,1
DA:5388,1
DA:5390,215
DA:5391,215
DA:5393,216
DA:5394,1
DA:5395,1
DA:5397,216
DA:5398,216
DA:5399,215
DA:5400,215
DA:5401,1
DA:5402,1
DA:5404,214
DA:5405,214
DA:5407,215
DA:5408,1
DA:5409,1
DA:5411,215
DA:5412,215
DA:5413,214
DA:5414,214
DA:5415,1
DA:5416,1
DA:5418,213
DA:5419,213
DA:5421,214
DA:5422,1
DA:5423,1
DA:5425,214
DA:5426,214
DA:5427,213
DA:5428,213
DA:5429,1
DA:5430,1
DA:5432,212
DA:5433,212
DA:5435,213
DA:5436,1
DA:5437,1
DA:5439,213
DA:5440,213
DA:5441,212
DA:5442,212
DA:5443,1
DA:5444,1
DA:5446,211
DA:5447,211
DA:5449,212
DA:5450,1
DA:5451,1
DA:5453,212
DA:5454,212
DA:5455,211
DA:5456,211
DA:5457,1
DA:5458,1
DA:5460,210
DA:5461,210
DA:5463,211
DA:5464,1
DA:5465,1
DA:5467,211
DA:5468,211
DA:5469,210
DA:5470,210
DA:5471,1
DA:5472,1
DA:5474,209
DA:5475,209
DA:5477,210
DA:5478,1
DA:5479,1
DA:5481,210
DA:5482,210
DA:5483,209
DA:5484,209
DA:5485,1
DA:5486,1
DA:5488,208
DA:5489,208
DA:5491,209
DA:5492,1
DA:5493,1
DA:5495,209
DA:5496,209
DA:5497,208
DA:5498,208
DA:5499,1
DA:5500,1
DA:5502,207
DA:5503,207
DA:5505,208
DA:5506,1
DA:5507,1
DA:5509,208
DA:5510,208
DA:5511,207
DA:5512,207
DA:5513,1
DA:5514,1
DA:5516,206
DA:5517,206
DA:5519,207
DA:5520,1
DA:5521,1
DA:5523,207
DA:5524,207
DA:5525,206
DA:5526,206
DA:5527,1
DA:5528,1
DA:5530,205
DA:5531,205
DA:5533,206
DA:5534,1
DA:5535,1
DA:5537,206
DA:5538,206
DA:5539,205
DA:5540,205
DA:5541,1
DA:5542,1
DA:5544,204
DA:5545,204
DA:5547,205
DA:5548,1
DA:5549,1
DA:5551,205
DA:5552,205
DA:5553,204
DA:5554,204
DA:5555,1
DA:5556,1
DA:5558,203
DA:5559,203
DA:5561,204
DA:5562,1
DA:5563,1
DA:5565,204
DA:5566,204
DA:5567,203
DA:5568,203
DA:5569,1
DA:5570,1
DA:5572,202
DA:5573,202
DA:5575,203
DA:5576,1
DA:5577,1
DA:5579,203
DA:5580,203
DA:5581,202
DA:5582,202
DA:5583,1
DA:5584,1
DA:5586,201
DA:5587,201
DA:5589,202
DA:5590,1
DA:5591,1
DA:5593,202
DA:5594,202
DA:5595,201
DA:5596,201
DA:5597,1
DA:5598,1
DA:5600,200
DA:5601,200
DA:5603,201
DA:5604,1
DA:5605,1
DA:5607,201
DA:5608,201
DA:5609,200
DA:5610,200
DA:5611,1
DA:5612,1
DA:5614,199
DA:5615,199
DA:5617,200
DA:5618,1
DA:5619,1
DA:5621,200
DA:5622,200
DA:5623,199
DA:5624,199
DA:5625,1
DA:5626,1
DA:5628,198
DA:5629,198
DA:5631,199
DA:5632,1
DA:5633,1
DA:5635,199
DA:5636,199
DA:5637,198
DA:5638,198
DA:5639,1
DA:5640,1
DA:5642,197
DA:5643,197
DA:5645,198
DA:5646,1
DA:5647,1
DA:5649,198
DA:5650,198
DA:5651,197
DA:5652,197
DA:5653,1
DA:5654,1
DA:5656,196
DA:5657,196
DA:5659,197
DA:5660,1
DA:5661,1
DA:5663,197
DA:5664,197
DA:5665,196
DA:5666,196
DA:5667,1
DA:5668,1
DA:5670,195
DA:5671,195
DA:5673,196
DA:5674,1
DA:5675,1
DA:5677,196
DA:5678,196
DA:5679,195
DA:5680,195
DA:5681,1
DA:5682,1
DA:5684,194
DA:5685,194
DA:5687,195
DA:5688,1
DA:5689,1
DA:5691,195
DA:5692,195
DA:5693,194
DA:5694,194
DA:5695,1
DA:5696,1
DA:5698,193
DA:5699,193
DA:5701,194
DA:5702,1
DA:5703,1
DA:5705,194
DA:5706,194
DA:5707,193
DA:5708,193
DA:5709,1
DA:5710,1
DA:5712,192
DA:5713,192
DA:5715,193
DA:5716,1
DA:5717,1
DA:5719,193
DA:5720,193
DA:5721,192
DA:5722,192
DA:5723,1
DA:5724,1
DA:5726,191
DA:5727,191
DA:5729,192
DA:5730,1
DA:5731,1
DA:5733,192
DA:5734,192
DA:5735,191
DA:5736,191
DA:5737,1
DA:5738,1
DA:5740,190
DA:5741,190
DA:5743,191
DA:5744,1
DA:5745,1
DA:5747,191
DA:5748,191
DA:5749,190
DA:5750,190
DA:5751,1
DA:5752,1
DA:5754,189
DA:5755,189
DA:5757,190
DA:5758,1
DA:5759,1
DA:5761,190
DA:5762,190
DA:5763,189
DA:5764,189
DA:5765,1
DA:5766,1
DA:5768,188
DA:5769,188
DA:5771,189
DA:5772,1
DA:5773,1
DA:5775,189
DA:5776,189
DA:5777,188
DA:5778,188
DA:5779,1
DA:5780,1
DA:5782,187
DA:5783,187
DA:5785,188
DA:5786,1
DA:5787,1
DA:5789,188
DA:5790,188
DA:5791,187
DA:5792,187
DA:5793,1
DA:5794,1
DA:5796,186
DA:5797,186
DA:5799,187
DA:5800,1
DA:5801,1
DA:5803,187
DA:5804,187
DA:5805,186
DA:5806,186
DA:5807,1
DA:5808,1
DA:5810,185
DA:5811,185
DA:5813,186
DA:5814,1
DA:5815,1
DA:5817,186
DA:5818,186
DA:5819,185
DA:5820,185
DA:5821,1
DA:5822,1
DA:5824,184
DA:5825,184
DA:5827,185
DA:5828,1
DA:5829,1
DA:5831,185
DA:5832,185
DA:5833,184
DA:5834,184
DA:5835,1
DA:5836,1
DA:5838,183
DA:5839,183
DA:5841,184
DA:5842,1
DA:5843,1
DA:5845,184
DA:5846,184
DA:5847,183
DA:5848,183
DA:5849,1
DA:5850,1
DA:5852,182
DA:5853,182
DA:5855,183
DA:5856,1
DA:5857,1
DA:5859,183
DA:5860,183
DA:5861,182
DA:5862,182
DA:5863,1
DA:5864,1
DA:5866,181
DA:5867,181
DA:5869,182
DA:5870,1
DA:5871,1
DA:5873,182
DA:5874,182
DA:5875,181
DA:5876,181
DA:5877,1
DA:5878,1
DA:5880,180
DA:5881,180
DA:5883,181
DA:5884,1
DA:5885,1
DA:5887,181
DA:5888,181
DA:5889,180
DA:5890,180
DA:5891,1
DA:5892,1
DA:5894,179
DA:5895,179
DA:5897,180
DA:5898,1
DA:5899,1
DA:5901,180
DA:5902,180
DA:5903,179
DA:5904,179
DA:5905,1
DA:5906,1
DA:5908,178
DA:5909,178
DA:5911,179
DA:5912,1
DA:5913,1
DA:5915,179
DA:5916,179
DA:5917,178
DA:5918,178
DA:5919,1
DA:5920,1
DA:5922,177
DA:5923,177
DA:5925,178
DA:5926,1
DA:5927,1
DA:5929,178
DA:5930,178
DA:5931,177
DA:5932,177
DA:5933,1
DA:5934,1
DA:5936,176
DA:5937,176
DA:5939,177
DA:5940,1
DA:5941,1
DA:5943,177
DA:5944,177
DA:5945,176
DA:5946,176
DA:5947,1
DA:5948,1
DA:5950,175
DA:5951,175
DA:5953,176
DA:5954,1
DA:5955,1
DA:5957,176
DA:5958,176
DA:5959,175
DA:5960,175
DA:5961,1
DA:5962,1
DA:5964,174
DA:5965,174
DA:5967,175
DA:5968,1
DA:5969,1
DA:5971,175
DA:5972,175
DA:5973,174
DA:5974,174
DA:5975,1
DA:5976,1
DA:5978,173
DA:5979,173
DA:5981,174
DA:5982,1
DA:5983,1
DA:5985,174
DA:5986,174
DA:5987,173
DA:5988,173
DA:5989,1
DA:5990,1
DA:5992,172
DA:5993,172
DA:5995,173
DA:5996,1
DA:5997,1
DA:5999,173
DA:6000,173
DA:6001,172
DA:6002,172
DA:6003,1
DA:6004,1
DA:6006,171
DA:6007,171
DA:6009,172
DA:6010,1
DA:6011,1
DA:6013,172
DA:6014,172
DA:6015,171
DA:6016,171
DA:6017,1
DA:6018,1
DA:6020,170
DA:6021,170
DA:6023,171
DA:6024,1
DA:6025,1
DA:6027,171
DA:6028,171
DA:6029,170
DA:6030,170
DA:6031,1
DA:6032,1
DA:6034,169
DA:6035,169
DA:6037,170
DA:6038,1
DA:6039,1
DA:6041,170
DA:6042,170
DA:6043,169
DA:6044,169
DA:6045,1
DA:6046,1
DA:6048,168
DA:6049,168
DA:6051,169
DA:6052,1
DA:6053,1
DA:6055,169
DA:6056,169
DA:6057,168
DA:6058,168
DA:6059,1
DA:6060,1
DA:6062,167
DA:6063,167
DA:6065,168
DA:6066,1
DA:6067,1
DA:6069,168
DA:6070,168
DA:6071,167
DA:6072,167
DA:6073,1
DA:6074,1
DA:6076,166
DA:6077,166
DA:6079,167
DA:6080,1
DA:6081,1
DA:6083,167
DA:6084,167
DA:6085,166
DA:6086,166
DA:6087,1
DA:6088,1
DA:6090,165
DA:6091,165
DA:6093,166
DA:6094,1
DA:6095,1
DA:6097,166
DA:6098,166
DA:6099,165
DA:6100,165
DA:6101,1
DA:6102,1
DA:6104,164
DA:6105,164
DA:6107,165
DA:6108,1
DA:6109,1
DA:6111,165
DA:6112,165
DA:6113,164
DA:6114,164
DA:6115,1
DA:6116,1
DA:6118,163
DA:6119,163
DA:6121,164
DA:6122,1
DA:6123,1
DA:6125,164
DA:6126,164
DA:6127,163
DA:6128,163
DA:6129,1
DA:6130,1
DA:6132,162
DA:6133,162
DA:6135,163
DA:6136,1
DA:6137,1
DA:6139,163
DA:6140,163
DA:6141,162
DA:6142,162
DA:6143,1
DA:6144,1
DA:6146,161
DA:6147,161
DA:6149,162
DA:6150,1
DA:6151,1
DA:6153,162
DA:6154,162
DA:6155,161
DA:6156,161
DA:6157,1
DA:6158,1
DA:6160,160
DA:6161,160
DA:6163,161
DA:6164,1
DA:6165,1
DA:6167,161
DA:6168,161
DA:6169,160
DA:6170,160
DA:6171,1
DA:6172,1
DA:6174,159
DA:6175,159
DA:6177,160
DA:6178,1
DA:6179,1
DA:6181,160
DA:6182,160
DA:6183,159
DA:6184,159
DA:6185,1
DA:6186,1
DA:6188,158
DA:6189,158
DA:6191,159
DA:6192,1
DA:6193,1
DA:6195,159
DA:6196,159
DA:6197,158
DA:6198,158
DA:6199,1
DA:6200,1
DA:6202,157
DA:6203,157
DA:6205,158
DA:6206,1
DA:6207,1
DA:6209,158
DA:6210,158
DA:6211,157
DA:6212,157
DA:6213,1
DA:6214,1
DA:6216,156
DA:6217,156
DA:6219,157
DA:6220,1
DA:6221,1
DA:6223,157
DA:6224,157
DA:6225,156
DA:6226,156
DA:6227,1
DA:6228,1
DA:6230,155
DA:6231,155
DA:6233,156
DA:6234,1
DA:6235,1
DA:6237,156
DA:6238,156
DA:6239,155
DA:6240,155
DA:6241,1
DA:6242,1
DA:6244,154
DA:6245,154
DA:6247,155
DA:6248,1
DA:6249,1
DA:6251,155
DA:6252,155
DA:6253,154
DA:6254,154
DA:6255,1
DA:6256,1
DA:6258,153
DA:6259,153
DA:6261,154
DA:6262,1
DA:6263,1
DA:6265,154
DA:6266,154
DA:6267,153
DA:6268,153
DA:6269,1
DA:6270,1
DA:6272,152
DA:6273,152
DA:6275,153
DA:6276,1
DA:6277,1
DA:6279,153
DA:6280,153
DA:6281,152
DA:6282,152
DA:6283,1
DA:6284,1
DA:6286,151
DA:6287,151
DA:6289,152
DA:6290,1
DA:6291,1
DA:6293,152
DA:6294,152
DA:6295,151
DA:6296,151
DA:6297,1
DA:6298,1
DA:6300,150
DA:6301,150
DA:6303,151
DA:6304,1
DA:6305,1
DA:6307,151
DA:6308,151
DA:6309,150
DA:6310,150
DA:6311,1
DA:6312,1
DA:6314,149
DA:6315,149
DA:6317,150
DA:6318,1
DA:6319,1
DA:6321,150
DA:6322,150
DA:6323,149
DA:6324,149
DA:6325,1
DA:6326,1
DA:6328,148
DA:6329,148
DA:6331,149
DA:6332,1
DA:6333,1
DA:6335,149
DA:6336,149
DA:6337,148
DA:6338,148
DA:6339,1
DA:6340,1
DA:6342,147
DA:6343,147
DA:6345,148
DA:6346,1
DA:6347,1
DA:6349,148
DA:6350,148
DA:6351,147
DA:6352,147
DA:6353,1
DA:6354,1
DA:6356,146
DA:6357,146
DA:6359,147
DA:6360,1
DA:6361,1
DA:6363,147
DA:6364,147
DA:6365,146
DA:6366,146
DA:6367,1
DA:6368,1
DA:6370,145
DA:6371,145
DA:6373,146
DA:6374,1
DA:6375,1
DA:6377,146
DA:6378,146
DA:6379,145
DA:6380,145
DA:6381,1
DA:6382,1
DA:6384,144
DA:6385,144
DA:6387,145
DA:6388,1
DA:6389,1
DA:6391,145
DA:6392,145
DA:6393,144
DA:6394,144
DA:6395,1
DA:6396,1
DA:6398,143
DA:6399,143
DA:6401,144
DA:6402,1
DA:6403,1
DA:6405,144
DA:6406,144
DA:6407,143
DA:6408,143
DA:6409,1
DA:6410,1
DA:6412,142
DA:6413,142
DA:6415,143
DA:6416,1
DA:6417,1
DA:6419,143
DA:6420,143
DA:6421,142
DA:6422,142
DA:6423,1
DA:6424,1
DA:6426,141
DA:6427,141
DA:6429,142
DA:6430,1
DA:6431,1
DA:6433,142
DA:6434,142
DA:6435,141
DA:6436,141
DA:6437,1
DA:6438,1
DA:6440,140
DA:6441,140
DA:6443,141
DA:6444,1
DA:6445,1
DA:6447,141
DA:6448,141
DA:6449,140
DA:6450,140
DA:6451,1
DA:6452,1
DA:6454,139
DA:6455,139
DA:6457,140
DA:6458,1
DA:6459,1
DA:6461,140
DA:6462,140
DA:6463,139
DA:6464,139
DA:6465,1
DA:6466,1
DA:6468,138
DA:6469,138
DA:6471,139
DA:6472,1
DA:6473,1
DA:6475,139
DA:6476,139
DA:6477,138
DA:6478,138
DA:6479,1
DA:6480,1
DA:6482,137
DA:6483,137
DA:6485,138
DA:6486,1
DA:6487,1
DA:6489,138
DA:6490,138
DA:6491,137
DA:6492,137
DA:6493,1
DA:6494,1
DA:6496,136
DA:6497,136
DA:6499,137
DA:6500,1
DA:6501,1
DA:6503,137
DA:6504,137
DA:6505,136
DA:6506,136
DA:6507,1
DA:6508,1
DA:6510,135
DA:6511,135
DA:6513,136
DA:6514,1
DA:6515,1
DA:6517,136
DA:6518,136
DA:6519,135
DA:6520,135
DA:6521,1
DA:6522,1
DA:6524,134
DA:6525,134
DA:6527,135
DA:6528,1
DA:6529,1
DA:6531,135
DA:6532,135
DA:6533,134
DA:6534,134
DA:6535,1
DA:6536,1
DA:6538,133
DA:6539,133
DA:6541,134
DA:6542,1
DA:6543,1
DA:6545,134
DA:6546,134
DA:6547,133
DA:6548,133
DA:6549,1
DA:6550,1
DA:6552,132
DA:6553,132
DA:6555,133
DA:6556,1
DA:6557,1
DA:6559,133
DA:6560,133
DA:6561,132
DA:6562,132
DA:6563,1
DA:6564,1
DA:6566,131
DA:6567,131
DA:6569,132
DA:6570,1
DA:6571,1
DA:6573,132
DA:6574,132
DA:6575,131
DA:6576,131
DA:6577,1
DA:6578,1
DA:6580,130
DA:6581,130
DA:6583,131
DA:6584,1
DA:6585,1
DA:6587,131
DA:6588,131
DA:6589,130
DA:6590,130
DA:6591,1
DA:6592,1
DA:6594,129
DA:6595,129
DA:6597,130
DA:6598,1
DA:6599,1
DA:6601,130
DA:6602,130
DA:6603,129
DA:6604,129
DA:6605,1
DA:6606,1
DA:6608,128
DA:6609,128
DA:6611,129
DA:6612,1
DA:6613,1
DA:6615,129
DA:6616,129
DA:6617,128
DA:6618,128
DA:6619,1
DA:6620,1
DA:6622,127
DA:6623,127
DA:6625,128
DA:6626,1
DA:6627,1
DA:6629,128
DA:6630,128
DA:6631,127
DA:6632,127
DA:6633,1
DA:6634,1
DA:6636,126
DA:6637,126
DA:6639,127
DA:6640,1
DA:6641,1
DA:6643,127
DA:6644,127
DA:6645,126
DA:6646,126
DA:6647,1
DA:6648,1
DA:6650,125
DA:6651,125
DA:6653,126
DA:6654,1
DA:6655,1
DA:6657,126
DA:6658,126
DA:6659,125
DA:6660,125
DA:6661,1
DA:6662,1
DA:6664,124
DA:6665,124
DA:6667,125
DA:6668,1
DA:6669,1
DA:6671,125
DA:6672,125
DA:6673,124
DA:6674,124
DA:6675,1
DA:6676,1
DA:6678,123
DA:6679,123
DA:6681,124
DA:6682,1
DA:6683,1
DA:6685,124
DA:6686,124
DA:6687,123
DA:6688,123
DA:6689,1
DA:6690,1
DA:6692,122
DA:6693,122
DA:6695,123
DA:6696,1
DA:6697,1
DA:6699,123
DA:6700,123
DA:6701,122
DA:6702,122
DA:6703,1
DA:6704,1
DA:6706,121
DA:6707,121
DA:6709,122
DA:6710,1
DA:6711,1
DA:6713,122
DA:6714,122
DA:6715,121
DA:6716,121
DA:6717,1
DA:6718,1
DA:6720,120
DA:6721,120
DA:6723,121
DA:6724,1
DA:6725,1
DA:6727,121
DA:6728,121
DA:6729,120
DA:6730,120
DA:6731,1
DA:6732,1
DA:6734,119
DA:6735,119
DA:6737,120
DA:6738,1
DA:6739,1
DA:6741,120
DA:6742,120
DA:6743,119
DA:6744,119
DA:6745,1
DA:6746,1
DA:6748,118
DA:6749,118
DA:6751,119
DA:6752,1
DA:6753,1
DA:6755,119
DA:6756,119
DA:6757,118
DA:6758,118
DA:6759,1
DA:6760,1
DA:6762,117
DA:6763,117
DA:6765,118
DA:6766,1
DA:6767,1
DA:6769,118
DA:6770,118
DA:6771,117
DA:6772,117
DA:6773,1
DA:6774,1
DA:6776,116
DA:6777,116
DA:6779,117
DA:6780,1
DA:6781,1
DA:6783,117
DA:6784,117
DA:6785,116
DA:6786,116
DA:6787,1
DA:6788,1
DA:6790,115
DA:6791,115
DA:6793,116
DA:6794,1
DA:6795,1
DA:6797,116
DA:6798,116
DA:6799,115
DA:6800,115
DA:6801,1
DA:6802,1
DA:6804,114
DA:6805,114
DA:6807,115
DA:6808,1
DA:6809,1
DA:6811,115
DA:6812,115
DA:6813,114
DA:6814,114
DA:6815,1
DA:6816,1
DA:6818,113
DA:6819,113
DA:6821,114
DA:6822,1
DA:6823,1
DA:6825,114
DA:6826,114
DA:6827,113
DA:6828,113
DA:6829,1
DA:6830,1
DA:6832,112
DA:6833,112
DA:6835,113
DA:6836,1
DA:6837,1
DA:6839,113
DA:6840,113
DA:6841,112
DA:6842,112
DA:6843,1
DA:6844,1
DA:6846,111
DA:6847,111
DA:6849,112
DA:6850,1
DA:6851,1
DA:6853,112
DA:6854,112
DA:6855,111
DA:6856,111
DA:6857,1
DA:6858,1
DA:6860,110
DA:6861,110
DA:6863,111
DA:6864,1
DA:6865,1
DA:6867,111
DA:6868,111
DA:6869,110
DA:6870,110
DA:6871,1
DA:6872,1
DA:6874,109
DA:6875,109
DA:6877,110
DA:6878,1
DA:6879,1
DA:6881,110
DA:6882,110
DA:6883,109
DA:6884,109
DA:6885,1
DA:6886,1
DA:6888,108
DA:6889,108
DA:6891,109
DA:6892,1
DA:6893,1
DA:6895,109
DA:6896,109
DA:6897,108
DA:6898,108
DA:6899,1
DA:6900,1
DA:6902,107
DA:6903,107
DA:6905,108
DA:6906,1
DA:6907,1
DA:6909,108
DA:6910,108
DA:6911,107
DA:6912,107
DA:6913,1
DA:6914,1
DA:6916,106
DA:6917,106
DA:6919,107
DA:6920,1
DA:6921,1
DA:6923,107
DA:6924,107
DA:6925,106
DA:6926,106
DA:6927,1
DA:6928,1
DA:6930,105
DA:6931,105
DA:6933,106
DA:6934,1
DA:6935,1
DA:6937,106
DA:6938,106
DA:6939,105
DA:6940,105
DA:6941,1
DA:6942,1
DA:6944,104
DA:6945,104
DA:6947,105
DA:6948,1
DA:6949,1
DA:6951,105
DA:6952,105
DA:6953,104
DA:6954,104
DA:6955,1
DA:6956,1
DA:6958,103
DA:6959,103
DA:6961,104
DA:6962,1
DA:6963,1
DA:6965,104
DA:6966,104
DA:6967,103
DA:6968,103
DA:6969,1
DA:6970,1
DA:6972,102
DA:6973,102
DA:6975,103
DA:6976,1
DA:6977,1
DA:6979,103
DA:6980,103
DA:6981,102
DA:6982,102
DA:6983,1
DA:6984,1
DA:6986,101
DA:6987,101
DA:6989,102
DA:6990,1
DA:6991,1
DA:6993,102
DA:6994,102
DA:6995,101
DA:6996,101
DA:6997,1
DA:6998,1
DA:7000,100
DA:7001,100
DA:7003,101
DA:7004,1
DA:7005,1
DA:7007,101
DA:7008,101
DA:7009,100
DA:7010,100
DA:7011,13
DA:7012,13
DA:7014,87
DA:7015,87
DA:7017,100
DA:7018,13
DA:7019,13
DA:7021,100
DA:7022,100
DA:7023,87
DA:7024,87
DA:7025,1
DA:7026,1
DA:7028,86
DA:7029,86
DA:7031,87
DA:7032,1
DA:7033,1
DA:7035,87
DA:7036,87
DA:7037,86
DA:7038,86
DA:7039,1
DA:7040,1
DA:7042,85
DA:7043,85
DA:7045,86
DA:7046,1
DA:7047,1
DA:7049,86
DA:7050,86
DA:7051,85
DA:7052,85
DA:7053,1
DA:7054,1
DA:7056,84
DA:7057,84
DA:7059,85
DA:7060,1
DA:7061,1
DA:7063,85
DA:7064,85
DA:7065,84
DA:7066,84
DA:7067,1
DA:7068,1
DA:7070,83
DA:7071,83
DA:7073,84
DA:7074,1
DA:7075,1
DA:7077,84
DA:7078,84
DA:7079,83
DA:7080,83
DA:7081,1
DA:7082,1
DA:7084,82
DA:7085,82
DA:7087,83
DA:7088,1
DA:7089,1
DA:7091,83
DA:7092,83
DA:7093,82
DA:7094,82
DA:7095,1
DA:7096,1
DA:7098,81
DA:7099,81
DA:7101,82
DA:7102,1
DA:7103,1
DA:7105,82
DA:7106,82
DA:7107,81
DA:7108,81
DA:7109,1
DA:7110,1
DA:7112,80
DA:7113,80
DA:7115,81
DA:7116,1
DA:7117,1
DA:7119,81
DA:7120,81
DA:7121,80
DA:7122,80
DA:7123,1
DA:7124,1
DA:7126,79
DA:7127,79
DA:7129,80
DA:7130,1
DA:7131,1
DA:7133,80
DA:7134,80
DA:7135,79
DA:7136,79
DA:7137,1
DA:7138,1
DA:7140,78
DA:7141,78
DA:7143,79
DA:7144,1
DA:7145,1
DA:7147,79
DA:7148,79
DA:7149,78
DA:7150,78
DA:7151,1
DA:7152,1
DA:7154,77
DA:7155,77
DA:7157,78
DA:7158,1
DA:7159,1
DA:7161,78
DA:7162,78
DA:7163,77
DA:7164,77
DA:7165,1
DA:7166,1
DA:7168,76
DA:7169,76
DA:7171,77
DA:7172,1
DA:7173,1
DA:7175,77
DA:7176,77
DA:7177,76
DA:7178,76
DA:7179,1
DA:7180,1
DA:7182,75
DA:7183,75
DA:7185,76
DA:7186,1
DA:7187,1
DA:7189,76
DA:7190,76
DA:7191,75
DA:7192,75
DA:7193,1
DA:7194,1
DA:7196,74
DA:7197,74
DA:7199,75
DA:7200,1
DA:7201,1
DA:7203,75
DA:7204,75
DA:7205,74
DA:7206,74
DA:7207,1
DA:7208,1
DA:7210,73
DA:7211,73
DA:7213,74
DA:7214,1
DA:7215,1
DA:7217,74
DA:7218,74
DA:7219,73
DA:7220,73
DA:7221,1
DA:7222,1
DA:7224,72
DA:7225,72
DA:7227,73
DA:7228,1
DA:7229,1
DA:7231,73
DA:7232,73
DA:7233,72
DA:7234,72
DA:7235,1
DA:7236,1
DA:7238,71
DA:7239,71
DA:7241,72
DA:7242,1
DA:7243,1
DA:7245,72
DA:7246,72
DA:7247,71
DA:7248,71
DA:7249,1
DA:7250,1
DA:7252,70
DA:7253,70
DA:7255,71
DA:7256,1
DA:7257,1
DA:7259,71
DA:7260,71
DA:7261,70
DA:7262,70
DA:7263,1
DA:7264,1
DA:7266,69
DA:7267,69
DA:7269,70
DA:7270,1
DA:7271,1
DA:7273,70
DA:7274,70
DA:7275,69
DA:7276,69
DA:7277,1
DA:7278,1
DA:7280,68
DA:7281,68
DA:7283,69
DA:7284,1
DA:7285,1
DA:7287,69
DA:7288,69
DA:7289,68
DA:7290,68
DA:7291,1
DA:7292,1
DA:7294,67
DA:7295,67
DA:7297,68
DA:7298,1
DA:7299,1
DA:7301,68
DA:7302,68
DA:7303,67
DA:7304,67
DA:7305,1
DA:7306,1
DA:7308,66
DA:7309,66
DA:7311,67
DA:7312,1
DA:7313,1
DA:7315,67
DA:7316,67
DA:7317,66
DA:7318,66
DA:7319,1
DA:7320,1
DA:7322,65
DA:7323,65
DA:7325,66
DA:7326,1
DA:7327,1
DA:7329,66
DA:7330,66
DA:7331,65
DA:7332,65
DA:7333,1
DA:7334,1
DA:7336,64
DA:7337,64
DA:7339,65
DA:7340,1
DA:7341,1
DA:7343,65
DA:7344,65
DA:7345,64
DA:7346,64
DA:7347,1
DA:7348,1
DA:7350,63
DA:7351,63
DA:7353,64
DA:7354,1
DA:7355,1
DA:7357,64
DA:7358,64
DA:7359,63
DA:7360,63
DA:7361,1
DA:7362,1
DA:7364,62
DA:7365,62
DA:7367,63
DA:7368,1
DA:7369,1
DA:7371,63
DA:7372,63
DA:7373,62
DA:7374,62
DA:7375,7
DA:7376,7
DA:7378,55
DA:7379,55
DA:7381,62
DA:7382,7
DA:7383,7
DA:7385,62
DA:7386,62
DA:7387,55
DA:7388,55
DA:7389,1
DA:7390,1
DA:7392,54
DA:7393,54
DA:7395,55
DA:7396,1
DA:7397,1
DA:7399,55
DA:7400,55
DA:7401,54
DA:7402,54
DA:7403,1
DA:7404,1
DA:7406,53
DA:7407,53
DA:7409,54
DA:7410,1
DA:7411,1
DA:7413,54
DA:7414,54
DA:7415,53
DA:7416,53
DA:7417,1
DA:7418,1
DA:7420,52
DA:7421,52
DA:7423,53
DA:7424,1
DA:7425,1
DA:7427,53
DA:7428,53
DA:7429,52
DA:7430,52
DA:7431,1
DA:7432,1
DA:7434,51
DA:7435,51
DA:7437,52
DA:7438,1
DA:7439,1
DA:7441,52
DA:7442,52
DA:7443,51
DA:7444,51
DA:7445,1
DA:7446,1
DA:7448,50
DA:7449,50
DA:7451,51
DA:7452,1
DA:7453,1
DA:7455,51
DA:7456,51
DA:7457,50
DA:7458,50
DA:7459,1
DA:7460,1
DA:7462,49
DA:7463,49
DA:7465,50
DA:7466,1
DA:7467,1
DA:7469,50
DA:7470,50
DA:7471,49
DA:7472,49
DA:7473,1
DA:7474,1
DA:7476,48
DA:7477,48
DA:7479,49
DA:7480,1
DA:7481,1
DA:7483,49
DA:7484,49
DA:7485,48
DA:7486,48
DA:7487,1
DA:7488,1
DA:7490,47
DA:7491,47
DA:7493,48
DA:7494,1
DA:7495,1
DA:7497,48
DA:7498,48
DA:7499,47
DA:7500,47
DA:7501,1
DA:7502,1
DA:7504,46
DA:7505,46
DA:7507,47
DA:7508,1
DA:7509,1
DA:7511,47
DA:7512,47
DA:7513,46
DA:7514,46
DA:7515,1
DA:7516,1
DA:7518,45
DA:7519,45
DA:7521,46
DA:7522,1
DA:7523,1
DA:7525,46
DA:7526,46
DA:7527,45
DA:7528,45
DA:7529,1
DA:7530,1
[...]
FN:172,(anonymous_102)
FN:172,(anonymous_103)
FN:173,(anonymous_104)
FN:173,(anonymous_105)
FN:174,(anonymous_106)
FN:174,(anonymous_107)
FN:175,(anonymous_108)
FN:175,(anonymous_109)
FN:176,(anonymous_110)
FN:176,(anonymous_111)
FN:177,(anonymous_112)
FN:177,(anonymous_113)
FN:178,(anonymous_114)
FN:178,(anonymous_115)
FN:179,(anonymous_116)
FN:179,(anonymous_117)
FN:180,(anonymous_118)
FN:180,(anonymous_119)
FN:183,(anonymous_120)
FN:183,(anonymous_121)
FN:184,(anonymous_122)
FN:184,(anonymous_123)
FN:192,(anonymous_124)
FN:194,(anonymous_125)
FN:194,(anonymous_126)
FN:195,(anonymous_127)
FN:195,(anonymous_128)
FN:196,(anonymous_129)
FN:196,(anonymous_130)
FN:197,(anonymous_131)
FN:197,(anonymous_132)
FN:198,(anonymous_133)
FN:198,(anonymous_134)
FN:199,(anonymous_135)
FN:199,(anonymous_136)
FN:200,(anonymous_137)
FN:200,(anonymous_138)
FN:202,(anonymous_139)
FN:202,(anonymous_140)
FN:204,(anonymous_141)
FNF:140
FNH:140
FNDA:1,(anonymous_2)
FNDA:1,(anonymous_3)
FNDA:1,(anonymous_4)
FNDA:1,(anonymous_5)
FNDA:1,(anonymous_6)
FNDA:1,(anonymous_7)
FNDA:1,(anonymous_8)
FNDA:4,(anonymous_9)
FNDA:4,(anonymous_10)
FNDA:1,(anonymous_11)
FNDA:1,(anonymous_12)
FNDA:1,(anonymous_13)
FNDA:1,(anonymous_14)
FNDA:1,(anonymous_15)
FNDA:1,(anonymous_16)
FNDA:1,(anonymous_17)
FNDA:1,(anonymous_18)
FNDA:1,(anonymous_19)
FNDA:1,(anonymous_20)
FNDA:1,(anonymous_21)
FNDA:1,(anonymous_22)
FNDA:1,(anonymous_23)
FNDA:1,(anonymous_24)
FNDA:1,(anonymous_25)
FNDA:1,(anonymous_26)
FNDA:1,(anonymous_27)
FNDA:1,(anonymous_28)
FNDA:1,(anonymous_29)
FNDA:1,(anonymous_30)
FNDA:1,(anonymous_31)
FNDA:1,(anonymous_32)
FNDA:1,(anonymous_33)
FNDA:1,(anonymous_34)
FNDA:1,(anonymous_35)
FNDA:1,(anonymous_36)
FNDA:1,(anonymous_37)
FNDA:1,(anonymous_38)
FNDA:1,(anonymous_39)
FNDA:1,(anonymous_40)
FNDA:1,(anonymous_41)
FNDA:1,(anonymous_42)
FNDA:1,(anonymous_43)
FNDA:1,(anonymous_44)
FNDA:1,(anonymous_45)
FNDA:1,(anonymous_46)
FNDA:1,(anonymous_47)
FNDA:1,(anonymous_48)
FNDA:1,(anonymous_49)
FNDA:1,(anonymous_50)
FNDA:1,(anonymous_51)
FNDA:1,(anonymous_52)
FNDA:1,(anonymous_53)
FNDA:1,(anonymous_54)
FNDA:1,(anonymous_55)
FNDA:1,(anonymous_56)
FNDA:1,(anonymous_57)
FNDA:1,(anonymous_58)
FNDA:1,(anonymous_59)
FNDA:1,(anonymous_60)
FNDA:1,(anonymous_61)
FNDA:1,(anonymous_62)
FNDA:1,(anonymous_63)
FNDA:1,(anonymous_64)
FNDA:1,(anonymous_65)
FNDA:1,(anonymous_66)
FNDA:1,(anonymous_67)
FNDA:1,(anonymous_68)
FNDA:1,(anonymous_69)
FNDA:1,(anonymous_70)
FNDA:1,(anonymous_71)
FNDA:1,(anonymous_72)
FNDA:1,(anonymous_73)
FNDA:1,(anonymous_74)
FNDA:1,(anonymous_75)
FNDA:1,(anonymous_76)
FNDA:1,(anonymous_77)
FNDA:1,(anonymous_78)
FNDA:1,(anonymous_79)
FNDA:1,(anonymous_80)
FNDA:1,(anonymous_81)
FNDA:1,(anonymous_82)
FNDA:1,(anonymous_83)
FNDA:1,(anonymous_84)
FNDA:1,(anonymous_85)
FNDA:1,(anonymous_86)
FNDA:1,(anonymous_87)
FNDA:1,(anonymous_88)
FNDA:1,(anonymous_89)
FNDA:1,(anonymous_90)
FNDA:1,(anonymous_91)
FNDA:1,(anonymous_92)
FNDA:1,(anonymous_93)
FNDA:1,(anonymous_94)
FNDA:1,(anonymous_95)
FNDA:1,(anonymous_96)
FNDA:1,(anonymous_97)
FNDA:1,(anonymous_98)
FNDA:1,(anonymous_99)
FNDA:1,(anonymous_100)
FNDA:1,(anonymous_101)
FNDA:1,(anonymous_102)
FNDA:1,(anonymous_103)
FNDA:1,(anonymous_104)
FNDA:1,(anonymous_105)
FNDA:1,(anonymous_106)
FNDA:1,(anonymous_107)
FNDA:1,(anonymous_108)
FNDA:1,(anonymous_109)
FNDA:1,(anonymous_110)
FNDA:1,(anonymous_111)
FNDA:1,(anonymous_112)
FNDA:1,(anonymous_113)
FNDA:1,(anonymous_114)
FNDA:1,(anonymous_115)
FNDA:1,(anonymous_116)
FNDA:1,(anonymous_117)
FNDA:1,(anonymous_118)
FNDA:1,(anonymous_119)
FNDA:1,(anonymous_120)
FNDA:1,(anonymous_121)
FNDA:1,(anonymous_122)
FNDA:1,(anonymous_123)
FNDA:1,(anonymous_124)
FNDA:1,(anonymous_125)
FNDA:1,(anonymous_126)
FNDA:1,(anonymous_127)
FNDA:1,(anonymous_128)
FNDA:1,(anonymous_129)
FNDA:1,(anonymous_130)
FNDA:1,(anonymous_131)
FNDA:1,(anonymous_132)
FNDA:1,(anonymous_133)
FNDA:1,(anonymous_134)
FNDA:1,(anonymous_135)
FNDA:1,(anonymous_136)
FNDA:1,(anonymous_137)
FNDA:1,(anonymous_138)
FNDA:1,(anonymous_139)
FNDA:1,(anonymous_140)
FNDA:1,(anonymous_141)
DA:2,1
DA:4,1
DA:5,1
DA:6,1
DA:12,1
DA:14,1
DA:15,1
DA:17,1
DA:25,1
DA:27,1
DA:29,4
DA:30,4
DA:37,1
DA:38,1
DA:40,1
DA:41,1
DA:43,1
DA:44,1
DA:49,1
DA:50,1
DA:51,1
DA:52,1
DA:60,1
DA:62,1
DA:63,1
DA:64,1
DA:65,1
DA:66,1
DA:67,1
DA:69,1
DA:70,1
DA:78,1
DA:80,1
DA:81,1
DA:82,1
DA:83,1
DA:84,1
DA:85,1
DA:87,1
DA:88,1
DA:90,1
DA:91,1
DA:99,1
DA:101,1
DA:102,1
DA:104,1
DA:112,1
DA:114,1
DA:115,1
DA:116,1
DA:118,1
DA:119,1
DA:127,1
DA:129,1
DA:130,1
DA:131,1
DA:132,1
DA:133,1
DA:134,1
DA:135,1
DA:137,1
DA:139,1
DA:140,1
DA:153,1
DA:155,1
DA:157,1
DA:158,1
DA:159,1
DA:160,1
DA:161,1
DA:162,1
DA:163,1
DA:164,1
DA:165,1
DA:166,1
DA:167,1
DA:170,1
DA:171,1
DA:172,1
DA:173,1
DA:174,1
DA:175,1
DA:176,1
DA:177,1
DA:178,1
DA:179,1
DA:180,1
DA:183,1
DA:184,1
DA:192,1
DA:194,1
DA:195,1
DA:196,1
DA:197,1
DA:198,1
DA:199,1
DA:200,1
DA:202,1
DA:204,1
DA:205,1
LF:100
LH:100
BRF:0
BRH:0
end_of_record
TN:
SF:C:\Users\john\projects\jssm\src\js\tests\machine_name.js
FN:11,(anonymous_2)
FN:13,(anonymous_3)
FN:13,(anonymous_4)
FNF:3
FNH:3
FNDA:1,(anonymous_2)
FNDA:1,(anonymous_3)
FNDA:1,(anonymous_4)
DA:2,1
DA:4,1
DA:5,1
DA:11,1
DA:13,1
LF:5
LH:5
BRF:0
BRH:0
end_of_record
TN:
SF:C:\Users\john\projects\jssm\src\js\tests\named lists.js
FN:10,(anonymous_2)
FN:12,(anonymous_3)
FN:12,(anonymous_4)
FN:13,(anonymous_5)
FN:13,(anonymous_6)
FN:14,(anonymous_7)
FN:14,(anonymous_8)
FNF:7
FNH:7
FNDA:1,(anonymous_2)
FNDA:1,(anonymous_3)
FNDA:1,(anonymous_4)
FNDA:1,(anonymous_5)
FNDA:1,(anonymous_6)
FNDA:1,(anonymous_7)
FNDA:1,(anonymous_8)
DA:2,1
DA:4,1
DA:10,1
DA:12,1
DA:13,1
DA:14,1
LF:6
LH:6
BRF:0
BRH:0
end_of_record
TN:
SF:C:\Users\john\projects\jssm\src\js\tests\nominated states.js
FN:12,(anonymous_2)
FN:14,(anonymous_3)
FN:16,(anonymous_4)
FN:16,(anonymous_5)
FN:17,(anonymous_6)
FN:17,(anonymous_7)
FN:18,(anonymous_8)
FN:18,(anonymous_9)
FN:20,(anonymous_10)
FN:20,(anonymous_11)
FN:24,(anonymous_12)
FN:26,(anonymous_13)
FN:26,(anonymous_14)
FN:27,(anonymous_15)
FN:27,(anonymous_16)
FN:30,(anonymous_17)
FN:30,(anonymous_18)
FN:40,(anonymous_19)
FN:42,(anonymous_20)
FN:42,(anonymous_21)
FN:43,(anonymous_22)
FN:43,(anonymous_23)
FN:44,(anonymous_24)
FN:44,(anonymous_25)
FN:45,(anonymous_26)
FN:45,(anonymous_27)
FN:46,(anonymous_28)
FN:46,(anonymous_29)
FN:54,(anonymous_30)
FN:56,(anonymous_31)
FNF:30
FNH:30
FNDA:1,(anonymous_2)
FNDA:1,(anonymous_3)
FNDA:1,(anonymous_4)
FNDA:1,(anonymous_5)
FNDA:1,(anonymous_6)
FNDA:1,(anonymous_7)
FNDA:1,(anonymous_8)
FNDA:1,(anonymous_9)
FNDA:1,(anonymous_10)
FNDA:1,(anonymous_11)
FNDA:1,(anonymous_12)
FNDA:1,(anonymous_13)
FNDA:1,(anonymous_14)
FNDA:1,(anonymous_15)
FNDA:1,(anonymous_16)
FNDA:1,(anonymous_17)
FNDA:1,(anonymous_18)
FNDA:1,(anonymous_19)
FNDA:1,(anonymous_20)
FNDA:1,(anonymous_21)
FNDA:1,(anonymous_22)
FNDA:1,(anonymous_23)
FNDA:1,(anonymous_24)
FNDA:1,(anonymous_25)
FNDA:1,(anonymous_26)
FNDA:1,(anonymous_27)
FNDA:1,(anonymous_28)
FNDA:1,(anonymous_29)
FNDA:1,(anonymous_30)
FNDA:1,(anonymous_31)
DA:2,1
DA:4,1
DA:5,1
DA:6,1
DA:12,1
DA:14,1
DA:16,1
DA:17,1
DA:18,1
DA:20,1
DA:24,1
DA:26,1
DA:27,1
DA:30,1
DA:40,1
DA:42,1
DA:43,1
DA:44,1
DA:45,1
DA:46,1
DA:54,1
DA:56,1
LF:22
LH:22
BRF:0
BRH:0
end_of_record
TN:
SF:C:\Users\john\projects\jssm\src\js\tests\parse actions.js
FN:13,(anonymous_0)
FN:17,(anonymous_1)
FN:18,(anonymous_2)
FN:19,(anonymous_3)
FN:20,(anonymous_4)
FN:21,(anonymous_5)
FN:22,(anonymous_6)
FN:23,(anonymous_7)
FN:24,(anonymous_8)
FN:25,(anonymous_9)
FN:26,(anonymous_10)
FN:27,(anonymous_11)
FN:28,(anonymous_12)
FN:29,(anonymous_13)
FN:30,(anonymous_14)
FN:31,(anonymous_15)
FN:32,(anonymous_16)
FN:33,(anonymous_17)
FNF:18
FNH:18
FNDA:1,(anonymous_0)
FNDA:1,(anonymous_1)
FNDA:1,(anonymous_2)
FNDA:1,(anonymous_3)
FNDA:1,(anonymous_4)
FNDA:1,(anonymous_5)
FNDA:1,(anonymous_6)
FNDA:1,(anonymous_7)
FNDA:1,(anonymous_8)
FNDA:1,(anonymous_9)
FNDA:1,(anonymous_10)
FNDA:1,(anonymous_11)
FNDA:1,(anonymous_12)
FNDA:1,(anonymous_13)
FNDA:1,(anonymous_14)
FNDA:1,(anonymous_15)
FNDA:1,(anonymous_16)
FNDA:1,(anonymous_17)
DA:4,1
DA:6,1
DA:7,1
DA:13,1
DA:15,1
DA:17,1
DA:18,1
DA:19,1
DA:20,1
DA:21,1
DA:22,1
DA:23,1
DA:24,1
DA:25,1
DA:26,1
DA:27,1
DA:28,1
DA:29,1
DA:30,1
DA:31,1
DA:32,1
DA:33,1
LF:22
LH:22
BRF:0
BRH:0
end_of_record
TN:
SF:C:\Users\john\projects\jssm\src\js\tests\parse.js
FN:12,(anonymous_2)
FN:14,(anonymous_3)
FN:21,(anonymous_4)
FN:21,(anonymous_5)
FN:24,(anonymous_6)
FN:33,(anonymous_7)
FN:40,(anonymous_8)
FN:40,(anonymous_9)
FN:43,(anonymous_10)
FN:52,(anonymous_11)
FN:54,(anonymous_12)
FN:57,(anonymous_13)
FN:59,(anonymous_14)
FN:65,(anonymous_15)
FN:76,(anonymous_16)
FN:76,(anonymous_17)
FNF:16
FNH:16
FNDA:1,(anonymous_2)
FNDA:1,(anonymous_3)
FNDA:11,(anonymous_4)
FNDA:11,(anonymous_5)
FNDA:7,(anonymous_6)
FNDA:1,(anonymous_7)
FNDA:11,(anonymous_8)
FNDA:11,(anonymous_9)
FNDA:7,(anonymous_10)
FNDA:1,(anonymous_11)
FNDA:1,(anonymous_12)
FNDA:1,(anonymous_13)
FNDA:1,(anonymous_14)
FNDA:1,(anonymous_15)
FNDA:1,(anonymous_16)
FNDA:1,(anonymous_17)
DA:4,1
DA:6,1
DA:12,1
DA:14,1
DA:16,1
DA:17,1
DA:18,1
DA:19,1
DA:21,11
DA:23,1
DA:24,7
DA:26,1
DA:27,1
DA:28,1
DA:29,1
DA:33,1
DA:35,1
DA:36,1
DA:37,1
DA:38,1
DA:40,11
DA:42,1
DA:43,7
DA:45,1
DA:46,1
DA:47,1
DA:48,1
DA:52,1
DA:53,1
DA:54,1
DA:57,1
DA:58,1
DA:59,1
DA:65,1
DA:67,1
DA:76,1
LF:36
LH:36
BRF:0
BRH:0
end_of_record
TN:
SF:C:\Users\john\projects\jssm\src\js\tests\r639.js
FN:10,(anonymous_0)
FN:10,(anonymous_1)
FN:11,(anonymous_2)
FN:11,(anonymous_3)
FN:13,(anonymous_4)
FN:13,(anonymous_5)
FNF:6
FNH:6
FNDA:1,(anonymous_0)
FNDA:1,(anonymous_1)
FNDA:1,(anonymous_2)
FNDA:1,(anonymous_3)
FNDA:1,(anonymous_4)
FNDA:1,(anonymous_5)
DA:2,1
DA:4,1
DA:10,1
DA:11,1
DA:13,1
LF:5
LH:5
BRF:0
BRH:0
end_of_record
TN:
SF:C:\Users\john\projects\jssm\src\js\tests\sample_select.js
FN:11,(anonymous_0)
FN:14,(anonymous_1)
FN:21,(anonymous_2)
FN:45,(anonymous_3)
FN:46,(anonymous_4)
FN:47,(anonymous_5)
FN:53,(anonymous_6)
FN:93,(anonymous_7)
FN:94,(anonymous_8)
FN:95,(anonymous_9)
FN:96,(anonymous_10)
FN:97,(anonymous_11)
FN:105,(anonymous_12)
FN:119,(anonymous_13)
FN:120,(anonymous_14)
FN:121,(anonymous_15)
FN:122,(anonymous_16)
FN:123,(anonymous_17)
FNF:18
FNH:18
FNDA:1,(anonymous_0)
FNDA:1,(anonymous_1)
FNDA:1,(anonymous_2)
FNDA:1,(anonymous_3)
FNDA:1,(anonymous_4)
FNDA:1,(anonymous_5)
FNDA:1,(anonymous_6)
FNDA:1,(anonymous_7)
FNDA:1,(anonymous_8)
FNDA:1,(anonymous_9)
FNDA:1,(anonymous_10)
FNDA:1,(anonymous_11)
FNDA:1,(anonymous_12)
FNDA:1,(anonymous_13)
FNDA:1,(anonymous_14)
FNDA:1,(anonymous_15)
FNDA:1,(anonymous_16)
FNDA:1,(anonymous_17)
DA:2,1
DA:4,1
DA:5,1
DA:11,1
DA:14,1
DA:21,1
DA:23,1
DA:42,1
DA:45,1
DA:46,1
DA:47,1
DA:53,1
DA:55,1
DA:90,1
DA:93,1
DA:94,1
DA:95,1
DA:96,1
DA:97,1
DA:105,1
DA:107,1
DA:116,1
DA:119,1
DA:120,1
DA:121,1
DA:122,1
DA:123,1
LF:27
LH:27
BRF:0
BRH:0
end_of_record
TN:
SF:C:\Users\john\projects\jssm\src\js\tests\seq.js
FN:10,(anonymous_0)
FN:12,(anonymous_1)
FN:13,(anonymous_2)
FN:14,(anonymous_3)
FNF:4
FNH:4
FNDA:1,(anonymous_0)
FNDA:1,(anonymous_1)
FNDA:1,(anonymous_2)
FNDA:1,(anonymous_3)
DA:2,1
DA:4,1
DA:10,1
DA:12,1
DA:13,1
DA:14,1
LF:6
LH:6
BRF:0
BRH:0
end_of_record
TN:
SF:C:\Users\john\projects\jssm\src\js\tests\shapes.js
FN:19,(anonymous_2)
FN:21,(anonymous_3)
FN:22,(anonymous_4)
FN:23,(anonymous_5)
FN:26,(anonymous_6)
FN:27,(anonymous_7)
FNF:6
FNH:6
FNDA:1,(anonymous_2)
FNDA:60,(anonymous_3)
FNDA:60,(anonymous_4)
FNDA:60,(anonymous_5)
FNDA:1,(anonymous_6)
FNDA:1,(anonymous_7)
DA:2,1
DA:4,1
DA:5,1
DA:7,1
DA:19,1
DA:21,1
DA:22,60
DA:23,60
DA:26,1
DA:27,1
LF:10
LH:10
BRF:0
BRH:0
end_of_record
TN:
SF:C:\Users\john\projects\jssm\src\js\tests\sm_tag.js
FN:13,(anonymous_2)
FN:15,(anonymous_3)
FN:16,(anonymous_4)
FN:16,(anonymous_5)
FN:19,(anonymous_6)
FN:20,(anonymous_7)
FN:20,(anonymous_8)
FN:23,(anonymous_9)
FN:24,(anonymous_10)
FN:24,(anonymous_11)
FNF:10
FNH:10
FNDA:1,(anonymous_2)
FNDA:1,(anonymous_3)
FNDA:1,(anonymous_4)
FNDA:1,(anonymous_5)
FNDA:1,(anonymous_6)
FNDA:1,(anonymous_7)
FNDA:1,(anonymous_8)
FNDA:1,(anonymous_9)
FNDA:1,(anonymous_10)
FNDA:1,(anonymous_11)
DA:4,1
DA:6,1
DA:7,1
DA:13,1
DA:15,1
DA:16,1
DA:19,1
DA:20,1
DA:23,1
DA:24,1
LF:10
LH:10
BRF:0
BRH:0
end_of_record
TN:
SF:C:\Users\john\projects\jssm\src\js\tests\special characters.js
FN:19,(anonymous_0)
FN:21,(anonymous_1)
FNF:2
FNH:2
FNDA:1,(anonymous_0)
FNDA:1,(anonymous_1)
DA:2,1
DA:4,1
DA:5,1
DA:11,1
DA:19,1
DA:21,1
LF:6
LH:6
BRF:0
BRH:0
end_of_record
TN:
SF:C:\Users\john\projects\jssm\src\js\tests\state_declaration.js
FN:13,(anonymous_2)
FN:15,(anonymous_3)
FN:15,(anonymous_4)
FN:16,(anonymous_5)
FN:16,(anonymous_6)
FN:17,(anonymous_7)
FN:17,(anonymous_8)
FN:25,(anonymous_9)
FN:38,(anonymous_10)
FN:40,(anonymous_11)
FN:41,(anonymous_12)
FN:42,(anonymous_13)
FN:43,(anonymous_14)
FN:47,(anonymous_15)
FN:49,(anonymous_16)
FN:50,(anonymous_17)
FN:51,(anonymous_18)
FN:52,(anonymous_19)
FN:59,(anonymous_20)
FN:60,(anonymous_21)
FN:61,(anonymous_22)
FN:62,(anonymous_23)
FN:63,(anonymous_24)
FN:84,(anonymous_25)
FN:86,(anonymous_26)
FN:87,(anonymous_27)
FN:87,(anonymous_28)
FN:92,(anonymous_29)
FN:98,(anonymous_30)
FN:98,(anonymous_31)
FN:103,(anonymous_32)
FN:104,(anonymous_33)
FN:104,(anonymous_34)
FNF:33
FNH:33
FNDA:1,(anonymous_2)
FNDA:1,(anonymous_3)
FNDA:1,(anonymous_4)
FNDA:1,(anonymous_5)
FNDA:1,(anonymous_6)
FNDA:1,(anonymous_7)
FNDA:1,(anonymous_8)
FNDA:1,(anonymous_9)
FNDA:1,(anonymous_10)
FNDA:1,(anonymous_11)
FNDA:1,(anonymous_12)
FNDA:1,(anonymous_13)
FNDA:1,(anonymous_14)
FNDA:1,(anonymous_15)
FNDA:1,(anonymous_16)
FNDA:1,(anonymous_17)
FNDA:1,(anonymous_18)
FNDA:1,(anonymous_19)
FNDA:1,(anonymous_20)
FNDA:1,(anonymous_21)
FNDA:1,(anonymous_22)
FNDA:1,(anonymous_23)
FNDA:1,(anonymous_24)
FNDA:1,(anonymous_25)
FNDA:1,(anonymous_26)
FNDA:1,(anonymous_27)
FNDA:1,(anonymous_28)
FNDA:1,(anonymous_29)
FNDA:1,(anonymous_30)
FNDA:1,(anonymous_31)
FNDA:1,(anonymous_32)
FNDA:1,(anonymous_33)
FNDA:1,(anonymous_34)
DA:4,1
DA:6,1
DA:7,1
DA:13,1
DA:15,1
DA:16,1
DA:17,1
DA:25,1
DA:27,1
DA:28,1
DA:29,1
DA:38,1
DA:39,1
DA:40,1
DA:41,1
DA:42,1
DA:43,1
DA:47,1
DA:48,1
DA:49,1
DA:50,1
DA:51,1
DA:52,1
DA:59,1
DA:60,1
DA:61,1
DA:62,1
DA:63,1
DA:84,1
DA:86,1
DA:87,1
DA:88,1
DA:92,1
DA:93,1
DA:98,1
DA:99,1
DA:103,1
DA:104,1
DA:105,1
LF:39
LH:39
BRF:0
BRH:0
end_of_record
TN:
SF:C:\Users\john\projects\jssm\src\js\tests\stop light.js
FN:12,(anonymous_0)
FN:25,(anonymous_1)
FN:26,(anonymous_2)
FN:26,(anonymous_3)
FN:27,(anonymous_4)
FN:31,(anonymous_5)
FN:32,(anonymous_6)
FN:33,(anonymous_7)
FN:34,(anonymous_8)
FN:37,(anonymous_9)
FN:39,(anonymous_10)
FN:40,(anonymous_11)
FN:41,(anonymous_12)
FN:42,(anonymous_13)
FN:43,(anonymous_14)
FN:44,(anonymous_15)
FN:45,(anonymous_16)
FN:49,(anonymous_17)
FN:51,(anonymous_18)
FN:52,(anonymous_19)
FN:53,(anonymous_20)
FN:55,(anonymous_21)
FN:56,(anonymous_22)
FN:57,(anonymous_23)
FN:58,(anonymous_24)
FN:59,(anonymous_25)
FN:60,(anonymous_26)
FN:62,(anonymous_27)
FN:63,(anonymous_28)
FN:65,(anonymous_29)
FN:66,(anonymous_30)
FN:67,(anonymous_31)
FN:68,(anonymous_32)
FN:69,(anonymous_33)
FN:70,(anonymous_34)
FN:72,(anonymous_35)
FN:73,(anonymous_36)
FN:74,(anonymous_37)
FN:75,(anonymous_38)
FN:85,(anonymous_39)
FN:108,(anonymous_40)
FN:109,(anonymous_41)
FN:110,(anonymous_42)
FN:114,(anonymous_43)
FN:115,(anonymous_44)
FN:116,(anonymous_45)
FN:119,(anonymous_46)
FN:122,(anonymous_47)
FN:124,(anonymous_48)
FN:125,(anonymous_49)
FN:126,(anonymous_50)
FN:128,(anonymous_51)
FN:130,(anonymous_52)
FN:131,(anonymous_53)
FN:132,(anonymous_54)
FN:133,(anonymous_55)
FN:134,(anonymous_56)
FN:135,(anonymous_57)
FN:137,(anonymous_58)
FN:138,(anonymous_59)
FN:139,(anonymous_60)
FN:140,(anonymous_61)
FN:141,(anonymous_62)
FN:142,(anonymous_63)
FN:144,(anonymous_64)
FN:145,(anonymous_65)
FN:146,(anonymous_66)
FN:147,(anonymous_67)
FN:148,(anonymous_68)
FN:149,(anonymous_69)
FN:151,(anonymous_70)
FN:152,(anonymous_71)
FN:154,(anonymous_72)
FN:155,(anonymous_73)
FNF:74
FNH:74
FNDA:1,(anonymous_0)
FNDA:1,(anonymous_1)
FNDA:3,(anonymous_2)
FNDA:3,(anonymous_3)
FNDA:3,(anonymous_4)
FNDA:1,(anonymous_5)
FNDA:3,(anonymous_6)
FNDA:3,(anonymous_7)
FNDA:3,(anonymous_8)
FNDA:1,(anonymous_9)
FNDA:1,(anonymous_10)
FNDA:1,(anonymous_11)
FNDA:1,(anonymous_12)
FNDA:1,(anonymous_13)
FNDA:1,(anonymous_14)
FNDA:1,(anonymous_15)
FNDA:1,(anonymous_16)
FNDA:1,(anonymous_17)
FNDA:1,(anonymous_18)
FNDA:1,(anonymous_19)
FNDA:1,(anonymous_20)
FNDA:1,(anonymous_21)
FNDA:1,(anonymous_22)
FNDA:1,(anonymous_23)
FNDA:1,(anonymous_24)
FNDA:1,(anonymous_25)
FNDA:1,(anonymous_26)
FNDA:1,(anonymous_27)
FNDA:1,(anonymous_28)
FNDA:1,(anonymous_29)
FNDA:1,(anonymous_30)
FNDA:1,(anonymous_31)
FNDA:1,(anonymous_32)
FNDA:1,(anonymous_33)
FNDA:1,(anonymous_34)
FNDA:1,(anonymous_35)
FNDA:1,(anonymous_36)
FNDA:1,(anonymous_37)
FNDA:1,(anonymous_38)
FNDA:1,(anonymous_39)
FNDA:1,(anonymous_40)
FNDA:4,(anonymous_41)
FNDA:4,(anonymous_42)
FNDA:1,(anonymous_43)
FNDA:4,(anonymous_44)
FNDA:4,(anonymous_45)
FNDA:1,(anonymous_46)
FNDA:1,(anonymous_47)
FNDA:1,(anonymous_48)
FNDA:1,(anonymous_49)
FNDA:1,(anonymous_50)
FNDA:1,(anonymous_51)
FNDA:1,(anonymous_52)
FNDA:1,(anonymous_53)
FNDA:1,(anonymous_54)
FNDA:1,(anonymous_55)
FNDA:1,(anonymous_56)
FNDA:1,(anonymous_57)
FNDA:1,(anonymous_58)
FNDA:1,(anonymous_59)
FNDA:1,(anonymous_60)
FNDA:1,(anonymous_61)
FNDA:1,(anonymous_62)
FNDA:1,(anonymous_63)
FNDA:1,(anonymous_64)
FNDA:1,(anonymous_65)
FNDA:1,(anonymous_66)
FNDA:1,(anonymous_67)
FNDA:1,(anonymous_68)
FNDA:1,(anonymous_69)
FNDA:1,(anonymous_70)
FNDA:1,(anonymous_71)
FNDA:1,(anonymous_72)
FNDA:1,(anonymous_73)
DA:4,1
DA:6,1
DA:12,1
DA:14,1
DA:19,1
DA:24,1
DA:25,1
DA:26,3
DA:27,3
DA:30,1
DA:31,1
DA:32,3
DA:34,3
DA:37,1
DA:39,1
DA:40,1
DA:41,1
DA:42,1
DA:43,1
DA:44,1
DA:45,1
DA:49,1
DA:51,1
DA:52,1
DA:53,1
DA:55,1
DA:56,1
DA:57,1
DA:58,1
DA:59,1
DA:60,1
DA:62,1
DA:63,1
DA:65,1
DA:66,1
DA:67,1
DA:68,1
DA:69,1
DA:70,1
DA:72,1
DA:73,1
DA:74,1
DA:75,1
DA:85,1
DA:87,1
DA:107,1
DA:108,1
DA:109,1
DA:110,4
DA:113,1
DA:114,1
DA:115,1
DA:116,4
DA:119,1
DA:122,1
DA:124,1
DA:125,1
DA:126,1
DA:128,1
DA:130,1
DA:131,1
DA:132,1
DA:133,1
DA:134,1
DA:135,1
DA:137,1
DA:138,1
DA:139,1
DA:140,1
DA:141,1
DA:142,1
DA:144,1
DA:145,1
DA:146,1
DA:147,1
DA:148,1
DA:149,1
DA:151,1
DA:152,1
DA:154,1
DA:155,1
LF:81
LH:81
BRF:0
BRH:0
end_of_record
TN:
SF:C:\Users\john\projects\jssm\src\js\tests\stripes.js
FN:12,(anonymous_2)
FN:14,(anonymous_3)
FN:14,(anonymous_4)
FN:16,(anonymous_5)
FN:20,(anonymous_6)
FN:24,(anonymous_7)
FN:28,(anonymous_8)
FN:29,(anonymous_9)
FN:29,(anonymous_10)
FNF:9
FNH:9
FNDA:1,(anonymous_2)
FNDA:3,(anonymous_3)
FNDA:3,(anonymous_4)
FNDA:1,(anonymous_5)
FNDA:1,(anonymous_6)
FNDA:1,(anonymous_7)
FNDA:1,(anonymous_8)
FNDA:1,(anonymous_9)
FNDA:1,(anonymous_10)
DA:4,1
DA:6,1
DA:12,1
DA:14,3
DA:16,1
DA:17,1
DA:20,1
DA:21,1
DA:24,1
DA:25,1
DA:28,1
DA:29,1
DA:30,1
LF:13
LH:13
BRF:0
BRH:0
end_of_record
TN:
SF:C:\Users\john\projects\jssm\src\js\tests\weighted_histo_key.js
FN:10,(anonymous_0)
FN:18,(anonymous_1)
FNF:2
FNH:2
FNDA:1,(anonymous_0)
FNDA:1,(anonymous_1)
DA:2,1
DA:4,1
DA:10,1
DA:12,1
DA:16,1
DA:18,1
LF:6
LH:6
BRF:0
BRH:0
end_of_record
TN:
SF:C:\Users\john\projects\jssm\src\js\tests\weighted_rand_select.js
FN:12,(anonymous_2)
FN:23,(anonymous_3)
FN:25,(anonymous_4)
FN:25,(anonymous_5)
FN:26,(anonymous_6)
FN:26,(anonymous_7)
FNF:6
FNH:6
FNDA:1,(anonymous_2)
FNDA:1,(anonymous_3)
FNDA:1,(anonymous_4)
FNDA:1,(anonymous_5)
FNDA:1,(anonymous_6)
FNDA:1,(anonymous_7)
DA:4,1
DA:6,1
DA:12,1
DA:14,1
DA:18,1
DA:19,1
DA:20,10000
DA:23,1
DA:25,1
DA:26,1
LF:10
LH:10
BRDA:20,0,0,10000
BRDA:20,0,1,2
BRF:2
BRH:2
end_of_record
TN:
SF:C:\Users\john\projects\jssm\src\js\tests\weighted_sample_select.js
FN:10,(anonymous_0)
FN:21,(anonymous_1)
FN:22,(anonymous_2)
FN:23,(anonymous_3)
FN:24,(anonymous_4)
FNF:5
FNH:5
FNDA:1,(anonymous_0)
FNDA:1,(anonymous_1)
FNDA:1,(anonymous_2)
FNDA:1,(anonymous_3)
FNDA:1,(anonymous_4)
DA:2,1
DA:4,1
DA:10,1
DA:12,1
DA:16,1
DA:17,1
DA:18,1
DA:19,1
DA:21,1
DA:22,1
DA:23,1
DA:24,1
LF:12
LH:12
BRF:0
BRH:0
end_of_record
